{"C:\\Users\\Emmanuel\\Desktop\\hackerbay\\Round one\\auth.js":{"path":"C:\\Users\\Emmanuel\\Desktop\\hackerbay\\Round one\\auth.js","statementMap":{"0":{"start":{"line":1,"column":12},"end":{"line":1,"column":35}},"1":{"start":{"line":12,"column":0},"end":{"line":26,"column":2}},"2":{"start":{"line":13,"column":30},"end":{"line":13,"column":41}},"3":{"start":{"line":14,"column":4},"end":{"line":16,"column":5}},"4":{"start":{"line":15,"column":8},"end":{"line":15,"column":52}},"5":{"start":{"line":18,"column":4},"end":{"line":25,"column":7}},"6":{"start":{"line":19,"column":8},"end":{"line":24,"column":9}},"7":{"start":{"line":20,"column":12},"end":{"line":20,"column":56}},"8":{"start":{"line":22,"column":12},"end":{"line":22,"column":39}},"9":{"start":{"line":23,"column":12},"end":{"line":23,"column":19}}},"fnMap":{"0":{"name":"(anonymous_0)","decl":{"start":{"line":12,"column":17},"end":{"line":12,"column":18}},"loc":{"start":{"line":12,"column":37},"end":{"line":26,"column":1}},"line":12},"1":{"name":"(anonymous_1)","decl":{"start":{"line":18,"column":40},"end":{"line":18,"column":41}},"loc":{"start":{"line":18,"column":58},"end":{"line":25,"column":5}},"line":18}},"branchMap":{"0":{"loc":{"start":{"line":14,"column":4},"end":{"line":16,"column":5}},"type":"if","locations":[{"start":{"line":14,"column":4},"end":{"line":16,"column":5}},{"start":{"line":14,"column":4},"end":{"line":16,"column":5}}],"line":14},"1":{"loc":{"start":{"line":19,"column":8},"end":{"line":24,"column":9}},"type":"if","locations":[{"start":{"line":19,"column":8},"end":{"line":24,"column":9}},{"start":{"line":19,"column":8},"end":{"line":24,"column":9}}],"line":19},"2":{"loc":{"start":{"line":19,"column":11},"end":{"line":19,"column":26}},"type":"binary-expr","locations":[{"start":{"line":19,"column":11},"end":{"line":19,"column":14}},{"start":{"line":19,"column":18},"end":{"line":19,"column":26}}],"line":19}},"s":{"0":0,"1":0,"2":0,"3":0,"4":0,"5":0,"6":0,"7":0,"8":0,"9":0},"f":{"0":0,"1":0},"b":{"0":[0,0],"1":[0,0],"2":[0,0]}},"C:\\Users\\Emmanuel\\Desktop\\hackerbay\\Round one\\docs\\script\\inherited-summary.js":{"path":"C:\\Users\\Emmanuel\\Desktop\\hackerbay\\Round one\\docs\\script\\inherited-summary.js","statementMap":{"0":{"start":{"line":1,"column":0},"end":{"line":28,"column":5}},"1":{"start":{"line":3,"column":17},"end":{"line":3,"column":26}},"2":{"start":{"line":4,"column":17},"end":{"line":4,"column":40}},"3":{"start":{"line":5,"column":4},"end":{"line":8,"column":5}},"4":{"start":{"line":6,"column":6},"end":{"line":6,"column":84}},"5":{"start":{"line":6,"column":78},"end":{"line":6,"column":84}},"6":{"start":{"line":7,"column":6},"end":{"line":7,"column":36}},"7":{"start":{"line":10,"column":4},"end":{"line":10,"column":24}},"8":{"start":{"line":10,"column":17},"end":{"line":10,"column":24}},"9":{"start":{"line":12,"column":16},"end":{"line":12,"column":45}},"10":{"start":{"line":13,"column":4},"end":{"line":21,"column":5}},"11":{"start":{"line":14,"column":6},"end":{"line":14,"column":40}},"12":{"start":{"line":15,"column":6},"end":{"line":15,"column":37}},"13":{"start":{"line":16,"column":6},"end":{"line":16,"column":35}},"14":{"start":{"line":18,"column":6},"end":{"line":18,"column":40}},"15":{"start":{"line":19,"column":6},"end":{"line":19,"column":37}},"16":{"start":{"line":20,"column":6},"end":{"line":20,"column":36}},"17":{"start":{"line":24,"column":16},"end":{"line":24,"column":77}},"18":{"start":{"line":25,"column":2},"end":{"line":27,"column":3}},"19":{"start":{"line":25,"column":15},"end":{"line":25,"column":16}},"20":{"start":{"line":26,"column":4},"end":{"line":26,"column":49}}},"fnMap":{"0":{"name":"(anonymous_0)","decl":{"start":{"line":1,"column":1},"end":{"line":1,"column":2}},"loc":{"start":{"line":1,"column":11},"end":{"line":28,"column":1}},"line":1},"1":{"name":"toggle","decl":{"start":{"line":2,"column":11},"end":{"line":2,"column":17}},"loc":{"start":{"line":2,"column":22},"end":{"line":22,"column":3}},"line":2}},"branchMap":{"0":{"loc":{"start":{"line":6,"column":6},"end":{"line":6,"column":84}},"type":"if","locations":[{"start":{"line":6,"column":6},"end":{"line":6,"column":84}},{"start":{"line":6,"column":6},"end":{"line":6,"column":84}}],"line":6},"1":{"loc":{"start":{"line":6,"column":10},"end":{"line":6,"column":76}},"type":"binary-expr","locations":[{"start":{"line":6,"column":10},"end":{"line":6,"column":36}},{"start":{"line":6,"column":40},"end":{"line":6,"column":76}}],"line":6},"2":{"loc":{"start":{"line":10,"column":4},"end":{"line":10,"column":24}},"type":"if","locations":[{"start":{"line":10,"column":4},"end":{"line":10,"column":24}},{"start":{"line":10,"column":4},"end":{"line":10,"column":24}}],"line":10},"3":{"loc":{"start":{"line":13,"column":4},"end":{"line":21,"column":5}},"type":"if","locations":[{"start":{"line":13,"column":4},"end":{"line":21,"column":5}},{"start":{"line":13,"column":4},"end":{"line":21,"column":5}}],"line":13}},"s":{"0":0,"1":0,"2":0,"3":0,"4":0,"5":0,"6":0,"7":0,"8":0,"9":0,"10":0,"11":0,"12":0,"13":0,"14":0,"15":0,"16":0,"17":0,"18":0,"19":0,"20":0},"f":{"0":0,"1":0},"b":{"0":[0,0],"1":[0,0],"2":[0,0],"3":[0,0]}},"C:\\Users\\Emmanuel\\Desktop\\hackerbay\\Round one\\docs\\script\\inner-link.js":{"path":"C:\\Users\\Emmanuel\\Desktop\\hackerbay\\Round one\\docs\\script\\inner-link.js","statementMap":{"0":{"start":{"line":3,"column":0},"end":{"line":23,"column":5}},"1":{"start":{"line":4,"column":16},"end":{"line":4,"column":58}},"2":{"start":{"line":5,"column":2},"end":{"line":5,"column":22}},"3":{"start":{"line":5,"column":15},"end":{"line":5,"column":22}},"4":{"start":{"line":8,"column":4},"end":{"line":8,"column":28}},"5":{"start":{"line":9,"column":13},"end":{"line":9,"column":57}},"6":{"start":{"line":10,"column":4},"end":{"line":10,"column":53}},"7":{"start":{"line":10,"column":12},"end":{"line":10,"column":53}},"8":{"start":{"line":13,"column":13},"end":{"line":13,"column":60}},"9":{"start":{"line":14,"column":13},"end":{"line":14,"column":39}},"10":{"start":{"line":15,"column":4},"end":{"line":15,"column":50}},"11":{"start":{"line":15,"column":12},"end":{"line":15,"column":50}},"12":{"start":{"line":18,"column":2},"end":{"line":18,"column":48}},"13":{"start":{"line":20,"column":2},"end":{"line":22,"column":3}},"14":{"start":{"line":21,"column":4},"end":{"line":21,"column":26}},"15":{"start":{"line":25,"column":0},"end":{"line":32,"column":5}},"16":{"start":{"line":26,"column":12},"end":{"line":26,"column":52}},"17":{"start":{"line":27,"column":13},"end":{"line":27,"column":46}},"18":{"start":{"line":28,"column":2},"end":{"line":31,"column":3}},"19":{"start":{"line":28,"column":15},"end":{"line":28,"column":16}},"20":{"start":{"line":29,"column":13},"end":{"line":29,"column":19}},"21":{"start":{"line":30,"column":4},"end":{"line":30,"column":45}}},"fnMap":{"0":{"name":"(anonymous_0)","decl":{"start":{"line":3,"column":1},"end":{"line":3,"column":2}},"loc":{"start":{"line":3,"column":11},"end":{"line":23,"column":1}},"line":3},"1":{"name":"adjust","decl":{"start":{"line":7,"column":11},"end":{"line":7,"column":17}},"loc":{"start":{"line":7,"column":20},"end":{"line":16,"column":3}},"line":7},"2":{"name":"(anonymous_2)","decl":{"start":{"line":25,"column":1},"end":{"line":25,"column":2}},"loc":{"start":{"line":25,"column":11},"end":{"line":32,"column":1}},"line":25}},"branchMap":{"0":{"loc":{"start":{"line":5,"column":2},"end":{"line":5,"column":22}},"type":"if","locations":[{"start":{"line":5,"column":2},"end":{"line":5,"column":22}},{"start":{"line":5,"column":2},"end":{"line":5,"column":22}}],"line":5},"1":{"loc":{"start":{"line":10,"column":4},"end":{"line":10,"column":53}},"type":"if","locations":[{"start":{"line":10,"column":4},"end":{"line":10,"column":53}},{"start":{"line":10,"column":4},"end":{"line":10,"column":53}}],"line":10},"2":{"loc":{"start":{"line":15,"column":4},"end":{"line":15,"column":50}},"type":"if","locations":[{"start":{"line":15,"column":4},"end":{"line":15,"column":50}},{"start":{"line":15,"column":4},"end":{"line":15,"column":50}}],"line":15},"3":{"loc":{"start":{"line":20,"column":2},"end":{"line":22,"column":3}},"type":"if","locations":[{"start":{"line":20,"column":2},"end":{"line":22,"column":3}},{"start":{"line":20,"column":2},"end":{"line":22,"column":3}}],"line":20}},"s":{"0":0,"1":0,"2":0,"3":0,"4":0,"5":0,"6":0,"7":0,"8":0,"9":0,"10":0,"11":0,"12":0,"13":0,"14":0,"15":0,"16":0,"17":0,"18":0,"19":0,"20":0,"21":0},"f":{"0":0,"1":0,"2":0},"b":{"0":[0,0],"1":[0,0],"2":[0,0],"3":[0,0]}},"C:\\Users\\Emmanuel\\Desktop\\hackerbay\\Round one\\docs\\script\\manual.js":{"path":"C:\\Users\\Emmanuel\\Desktop\\hackerbay\\Round one\\docs\\script\\manual.js","statementMap":{"0":{"start":{"line":1,"column":0},"end":{"line":12,"column":5}},"1":{"start":{"line":2,"column":16},"end":{"line":2,"column":64}},"2":{"start":{"line":3,"column":2},"end":{"line":3,"column":23}},"3":{"start":{"line":3,"column":16},"end":{"line":3,"column":23}},"4":{"start":{"line":5,"column":20},"end":{"line":5,"column":30}},"5":{"start":{"line":6,"column":17},"end":{"line":6,"column":78}},"6":{"start":{"line":7,"column":18},"end":{"line":7,"column":52}},"7":{"start":{"line":8,"column":2},"end":{"line":8,"column":60}},"8":{"start":{"line":9,"column":14},"end":{"line":9,"column":45}},"9":{"start":{"line":10,"column":2},"end":{"line":10,"column":32}},"10":{"start":{"line":11,"column":2},"end":{"line":11,"column":52}}},"fnMap":{"0":{"name":"(anonymous_0)","decl":{"start":{"line":1,"column":1},"end":{"line":1,"column":2}},"loc":{"start":{"line":1,"column":11},"end":{"line":12,"column":1}},"line":1}},"branchMap":{"0":{"loc":{"start":{"line":3,"column":2},"end":{"line":3,"column":23}},"type":"if","locations":[{"start":{"line":3,"column":2},"end":{"line":3,"column":23}},{"start":{"line":3,"column":2},"end":{"line":3,"column":23}}],"line":3}},"s":{"0":0,"1":0,"2":0,"3":0,"4":0,"5":0,"6":0,"7":0,"8":0,"9":0,"10":0},"f":{"0":0},"b":{"0":[0,0]}},"C:\\Users\\Emmanuel\\Desktop\\hackerbay\\Round one\\docs\\script\\patch-for-local.js":{"path":"C:\\Users\\Emmanuel\\Desktop\\hackerbay\\Round one\\docs\\script\\patch-for-local.js","statementMap":{"0":{"start":{"line":1,"column":0},"end":{"line":8,"column":5}},"1":{"start":{"line":2,"column":2},"end":{"line":7,"column":3}},"2":{"start":{"line":3,"column":15},"end":{"line":3,"column":56}},"3":{"start":{"line":4,"column":4},"end":{"line":6,"column":5}},"4":{"start":{"line":4,"column":17},"end":{"line":4,"column":18}},"5":{"start":{"line":5,"column":6},"end":{"line":5,"column":36}}},"fnMap":{"0":{"name":"(anonymous_0)","decl":{"start":{"line":1,"column":1},"end":{"line":1,"column":2}},"loc":{"start":{"line":1,"column":11},"end":{"line":8,"column":1}},"line":1}},"branchMap":{"0":{"loc":{"start":{"line":2,"column":2},"end":{"line":7,"column":3}},"type":"if","locations":[{"start":{"line":2,"column":2},"end":{"line":7,"column":3}},{"start":{"line":2,"column":2},"end":{"line":7,"column":3}}],"line":2}},"s":{"0":0,"1":0,"2":0,"3":0,"4":0,"5":0},"f":{"0":0},"b":{"0":[0,0]}},"C:\\Users\\Emmanuel\\Desktop\\hackerbay\\Round one\\docs\\script\\prettify\\prettify.js":{"path":"C:\\Users\\Emmanuel\\Desktop\\hackerbay\\Round one\\docs\\script\\prettify\\prettify.js","statementMap":{"0":{"start":{"line":1,"column":0},"end":{"line":46,"column":180}},"1":{"start":{"line":17,"column":0},"end":{"line":17,"column":37}},"2":{"start":{"line":18,"column":0},"end":{"line":46,"column":177}},"3":{"start":{"line":18,"column":46},"end":{"line":18,"column":61}},"4":{"start":{"line":18,"column":62},"end":{"line":18,"column":81}},"5":{"start":{"line":18,"column":72},"end":{"line":18,"column":81}},"6":{"start":{"line":18,"column":87},"end":{"line":18,"column":98}},"7":{"start":{"line":18,"column":99},"end":{"line":18,"column":218}},"8":{"start":{"line":18,"column":233},"end":{"line":18,"column":282}},"9":{"start":{"line":18,"column":241},"end":{"line":18,"column":282}},"10":{"start":{"line":18,"column":282},"end":{"line":18,"column":307}},"11":{"start":{"line":18,"column":307},"end":{"line":18,"column":357}},"12":{"start":{"line":18,"column":378},"end":{"line":18,"column":498}},"13":{"start":{"line":18,"column":499},"end":{"line":19,"column":3}},"14":{"start":{"line":19,"column":9},"end":{"line":19,"column":19}},"15":{"start":{"line":19,"column":22},"end":{"line":19,"column":27}},"16":{"start":{"line":19,"column":28},"end":{"line":19,"column":43}},"17":{"start":{"line":19,"column":43},"end":{"line":19,"column":334}},"18":{"start":{"line":19,"column":53},"end":{"line":19,"column":58}},"19":{"start":{"line":19,"column":61},"end":{"line":19,"column":69}},"20":{"start":{"line":19,"column":85},"end":{"line":19,"column":89}},"21":{"start":{"line":19,"column":90},"end":{"line":19,"column":333}},"22":{"start":{"line":19,"column":113},"end":{"line":19,"column":123}},"23":{"start":{"line":19,"column":134},"end":{"line":19,"column":138}},"24":{"start":{"line":19,"column":141},"end":{"line":19,"column":184}},"25":{"start":{"line":19,"column":184},"end":{"line":19,"column":198}},"26":{"start":{"line":19,"column":198},"end":{"line":19,"column":332}},"27":{"start":{"line":19,"column":334},"end":{"line":19,"column":385}},"28":{"start":{"line":19,"column":355},"end":{"line":19,"column":382}},"29":{"start":{"line":19,"column":385},"end":{"line":19,"column":390}},"30":{"start":{"line":19,"column":390},"end":{"line":19,"column":395}},"31":{"start":{"line":19,"column":395},"end":{"line":19,"column":475}},"32":{"start":{"line":19,"column":418},"end":{"line":19,"column":475}},"33":{"start":{"line":19,"column":475},"end":{"line":20,"column":70}},"34":{"start":{"line":19,"column":498},"end":{"line":20,"column":70}},"35":{"start":{"line":20,"column":70},"end":{"line":20,"column":82}},"36":{"start":{"line":20,"column":82},"end":{"line":20,"column":99}},"37":{"start":{"line":20,"column":114},"end":{"line":20,"column":393}},"38":{"start":{"line":20,"column":124},"end":{"line":20,"column":270}},"39":{"start":{"line":20,"column":273},"end":{"line":20,"column":281}},"40":{"start":{"line":20,"column":284},"end":{"line":20,"column":286}},"41":{"start":{"line":20,"column":289},"end":{"line":20,"column":290}},"42":{"start":{"line":20,"column":293},"end":{"line":20,"column":294}},"43":{"start":{"line":20,"column":310},"end":{"line":20,"column":314}},"44":{"start":{"line":20,"column":315},"end":{"line":20,"column":392}},"45":{"start":{"line":20,"column":393},"end":{"line":20,"column":438}},"46":{"start":{"line":20,"column":416},"end":{"line":20,"column":438}},"47":{"start":{"line":20,"column":438},"end":{"line":21,"column":57}},"48":{"start":{"line":20,"column":456},"end":{"line":21,"column":57}},"49":{"start":{"line":21,"column":57},"end":{"line":21,"column":109}},"50":{"start":{"line":21,"column":73},"end":{"line":21,"column":109}},"51":{"start":{"line":21,"column":109},"end":{"line":21,"column":313}},"52":{"start":{"line":21,"column":128},"end":{"line":21,"column":313}},"53":{"start":{"line":21,"column":144},"end":{"line":21,"column":313}},"54":{"start":{"line":21,"column":246},"end":{"line":21,"column":264}},"55":{"start":{"line":21,"column":264},"end":{"line":21,"column":309}},"56":{"start":{"line":21,"column":313},"end":{"line":21,"column":330}},"57":{"start":{"line":21,"column":331},"end":{"line":22,"column":12}},"58":{"start":{"line":21,"column":341},"end":{"line":21,"column":342}},"59":{"start":{"line":21,"column":345},"end":{"line":21,"column":347}},"60":{"start":{"line":21,"column":350},"end":{"line":21,"column":352}},"61":{"start":{"line":21,"column":355},"end":{"line":21,"column":356}},"62":{"start":{"line":21,"column":359},"end":{"line":21,"column":367}},"63":{"start":{"line":21,"column":383},"end":{"line":21,"column":387}},"64":{"start":{"line":21,"column":388},"end":{"line":22,"column":11}},"65":{"start":{"line":21,"column":404},"end":{"line":21,"column":409}},"66":{"start":{"line":21,"column":414},"end":{"line":22,"column":11}},"67":{"start":{"line":21,"column":496},"end":{"line":21,"column":501}},"68":{"start":{"line":22,"column":0},"end":{"line":22,"column":5}},"69":{"start":{"line":22,"column":5},"end":{"line":22,"column":10}},"70":{"start":{"line":22,"column":12},"end":{"line":22,"column":154}},"71":{"start":{"line":22,"column":22},"end":{"line":22,"column":51}},"72":{"start":{"line":22,"column":54},"end":{"line":22,"column":56}},"73":{"start":{"line":22,"column":59},"end":{"line":22,"column":60}},"74":{"start":{"line":22,"column":63},"end":{"line":22,"column":71}},"75":{"start":{"line":22,"column":81},"end":{"line":22,"column":88}},"76":{"start":{"line":22,"column":88},"end":{"line":22,"column":131}},"77":{"start":{"line":22,"column":113},"end":{"line":22,"column":131}},"78":{"start":{"line":22,"column":131},"end":{"line":22,"column":153}},"79":{"start":{"line":22,"column":154},"end":{"line":22,"column":195}},"80":{"start":{"line":22,"column":232},"end":{"line":22,"column":242}},"81":{"start":{"line":22,"column":243},"end":{"line":23,"column":48}},"82":{"start":{"line":22,"column":252},"end":{"line":22,"column":404}},"83":{"start":{"line":22,"column":277},"end":{"line":22,"column":319}},"84":{"start":{"line":22,"column":314},"end":{"line":22,"column":319}},"85":{"start":{"line":22,"column":319},"end":{"line":22,"column":346}},"86":{"start":{"line":22,"column":346},"end":{"line":22,"column":403}},"87":{"start":{"line":22,"column":368},"end":{"line":22,"column":403}},"88":{"start":{"line":22,"column":410},"end":{"line":23,"column":48}},"89":{"start":{"line":22,"column":424},"end":{"line":23,"column":48}},"90":{"start":{"line":23,"column":55},"end":{"line":23,"column":79}},"91":{"start":{"line":23,"column":82},"end":{"line":23,"column":84}},"92":{"start":{"line":23,"column":87},"end":{"line":23,"column":88}},"93":{"start":{"line":23,"column":91},"end":{"line":23,"column":93}},"94":{"start":{"line":23,"column":96},"end":{"line":23,"column":97}},"95":{"start":{"line":23,"column":98},"end":{"line":23,"column":103}},"96":{"start":{"line":23,"column":103},"end":{"line":23,"column":145}},"97":{"start":{"line":23,"column":168},"end":{"line":23,"column":245}},"98":{"start":{"line":23,"column":260},"end":{"line":23,"column":373}},"99":{"start":{"line":23,"column":270},"end":{"line":23,"column":276}},"100":{"start":{"line":23,"column":279},"end":{"line":23,"column":291}},"101":{"start":{"line":23,"column":316},"end":{"line":23,"column":326}},"102":{"start":{"line":23,"column":329},"end":{"line":23,"column":372}},"103":{"start":{"line":23,"column":373},"end":{"line":23,"column":394}},"104":{"start":{"line":23,"column":425},"end":{"line":25,"column":5}},"105":{"start":{"line":23,"column":435},"end":{"line":23,"column":438}},"106":{"start":{"line":23,"column":441},"end":{"line":23,"column":444}},"107":{"start":{"line":23,"column":447},"end":{"line":23,"column":456}},"108":{"start":{"line":23,"column":459},"end":{"line":23,"column":460}},"109":{"start":{"line":23,"column":463},"end":{"line":23,"column":479}},"110":{"start":{"line":23,"column":482},"end":{"line":23,"column":484}},"111":{"start":{"line":23,"column":487},"end":{"line":23,"column":488}},"112":{"start":{"line":23,"column":491},"end":{"line":23,"column":499}},"113":{"start":{"line":24,"column":13},"end":{"line":24,"column":17}},"114":{"start":{"line":24,"column":20},"end":{"line":24,"column":24}},"115":{"start":{"line":24,"column":27},"end":{"line":24,"column":33}},"116":{"start":{"line":24,"column":36},"end":{"line":24,"column":292}},"117":{"start":{"line":24,"column":59},"end":{"line":24,"column":64}},"118":{"start":{"line":24,"column":75},"end":{"line":24,"column":89}},"119":{"start":{"line":24,"column":90},"end":{"line":24,"column":192}},"120":{"start":{"line":24,"column":95},"end":{"line":24,"column":118}},"121":{"start":{"line":24,"column":123},"end":{"line":24,"column":179}},"122":{"start":{"line":24,"column":139},"end":{"line":24,"column":179}},"123":{"start":{"line":24,"column":166},"end":{"line":24,"column":173}},"124":{"start":{"line":24,"column":173},"end":{"line":24,"column":178}},"125":{"start":{"line":24,"column":179},"end":{"line":24,"column":191}},"126":{"start":{"line":24,"column":192},"end":{"line":24,"column":280}},"127":{"start":{"line":24,"column":280},"end":{"line":24,"column":291}},"128":{"start":{"line":24,"column":292},"end":{"line":24,"column":296}},"129":{"start":{"line":24,"column":296},"end":{"line":24,"column":308}},"130":{"start":{"line":24,"column":308},"end":{"line":25,"column":4}},"131":{"start":{"line":24,"column":314},"end":{"line":24,"column":321}},"132":{"start":{"line":24,"column":327},"end":{"line":24,"column":339}},"133":{"start":{"line":24,"column":342},"end":{"line":24,"column":352}},"134":{"start":{"line":24,"column":353},"end":{"line":24,"column":397}},"135":{"start":{"line":24,"column":397},"end":{"line":24,"column":414}},"136":{"start":{"line":24,"column":414},"end":{"line":24,"column":444}},"137":{"start":{"line":24,"column":444},"end":{"line":24,"column":466}},"138":{"start":{"line":24,"column":466},"end":{"line":24,"column":495}},"139":{"start":{"line":24,"column":501},"end":{"line":25,"column":4}},"140":{"start":{"line":25,"column":5},"end":{"line":25,"column":10}},"141":{"start":{"line":25,"column":17},"end":{"line":25,"column":19}},"142":{"start":{"line":25,"column":22},"end":{"line":25,"column":247}},"143":{"start":{"line":25,"column":34},"end":{"line":25,"column":214}},"144":{"start":{"line":25,"column":44},"end":{"line":25,"column":55}},"145":{"start":{"line":25,"column":58},"end":{"line":25,"column":60}},"146":{"start":{"line":25,"column":63},"end":{"line":25,"column":65}},"147":{"start":{"line":25,"column":68},"end":{"line":25,"column":69}},"148":{"start":{"line":25,"column":72},"end":{"line":25,"column":80}},"149":{"start":{"line":25,"column":96},"end":{"line":25,"column":100}},"150":{"start":{"line":25,"column":103},"end":{"line":25,"column":107}},"151":{"start":{"line":25,"column":108},"end":{"line":25,"column":157}},"152":{"start":{"line":25,"column":113},"end":{"line":25,"column":157}},"153":{"start":{"line":25,"column":123},"end":{"line":25,"column":131}},"154":{"start":{"line":25,"column":140},"end":{"line":25,"column":157}},"155":{"start":{"line":25,"column":157},"end":{"line":25,"column":164}},"156":{"start":{"line":25,"column":164},"end":{"line":25,"column":171}},"157":{"start":{"line":25,"column":171},"end":{"line":25,"column":213}},"158":{"start":{"line":25,"column":214},"end":{"line":25,"column":236}},"159":{"start":{"line":25,"column":236},"end":{"line":25,"column":242}},"160":{"start":{"line":25,"column":253},"end":{"line":25,"column":261}},"161":{"start":{"line":25,"column":262},"end":{"line":25,"column":270}},"162":{"start":{"line":25,"column":291},"end":{"line":25,"column":293}},"163":{"start":{"line":25,"column":296},"end":{"line":25,"column":298}},"164":{"start":{"line":25,"column":299},"end":{"line":26,"column":259}},"165":{"start":{"line":26,"column":259},"end":{"line":26,"column":329}},"166":{"start":{"line":26,"column":335},"end":{"line":26,"column":349}},"167":{"start":{"line":26,"column":350},"end":{"line":27,"column":157}},"168":{"start":{"line":27,"column":157},"end":{"line":27,"column":261}},"169":{"start":{"line":27,"column":261},"end":{"line":28,"column":114}},"170":{"start":{"line":27,"column":289},"end":{"line":27,"column":321}},"171":{"start":{"line":27,"column":322},"end":{"line":28,"column":113}},"172":{"start":{"line":28,"column":114},"end":{"line":28,"column":145}},"173":{"start":{"line":28,"column":145},"end":{"line":28,"column":184}},"174":{"start":{"line":28,"column":184},"end":{"line":28,"column":266}},"175":{"start":{"line":28,"column":266},"end":{"line":28,"column":310}},"176":{"start":{"line":28,"column":310},"end":{"line":28,"column":339}},"177":{"start":{"line":28,"column":339},"end":{"line":28,"column":371}},"178":{"start":{"line":28,"column":371},"end":{"line":29,"column":163}},"179":{"start":{"line":29,"column":163},"end":{"line":29,"column":176}},"180":{"start":{"line":29,"column":215},"end":{"line":29,"column":225}},"181":{"start":{"line":29,"column":226},"end":{"line":30,"column":98}},"182":{"start":{"line":29,"column":256},"end":{"line":29,"column":371}},"183":{"start":{"line":29,"column":277},"end":{"line":29,"column":324}},"184":{"start":{"line":29,"column":329},"end":{"line":29,"column":371}},"185":{"start":{"line":29,"column":366},"end":{"line":29,"column":371}},"186":{"start":{"line":29,"column":376},"end":{"line":30,"column":98}},"187":{"start":{"line":29,"column":402},"end":{"line":29,"column":413}},"188":{"start":{"line":29,"column":416},"end":{"line":29,"column":426}},"189":{"start":{"line":29,"column":427},"end":{"line":30,"column":97}},"190":{"start":{"line":30,"column":135},"end":{"line":30,"column":154}},"191":{"start":{"line":30,"column":157},"end":{"line":30,"column":169}},"192":{"start":{"line":30,"column":170},"end":{"line":30,"column":273}},"193":{"start":{"line":30,"column":182},"end":{"line":30,"column":188}},"194":{"start":{"line":30,"column":191},"end":{"line":30,"column":204}},"195":{"start":{"line":30,"column":205},"end":{"line":30,"column":222}},"196":{"start":{"line":30,"column":222},"end":{"line":30,"column":272}},"197":{"start":{"line":30,"column":232},"end":{"line":30,"column":233}},"198":{"start":{"line":30,"column":240},"end":{"line":30,"column":272}},"199":{"start":{"line":30,"column":273},"end":{"line":30,"column":281}},"200":{"start":{"line":30,"column":282},"end":{"line":30,"column":331}},"201":{"start":{"line":30,"column":303},"end":{"line":30,"column":331}},"202":{"start":{"line":30,"column":324},"end":{"line":30,"column":331}},"203":{"start":{"line":30,"column":331},"end":{"line":30,"column":352}},"204":{"start":{"line":30,"column":352},"end":{"line":30,"column":400}},"205":{"start":{"line":30,"column":396},"end":{"line":30,"column":400}},"206":{"start":{"line":30,"column":400},"end":{"line":30,"column":409}},"207":{"start":{"line":30,"column":410},"end":{"line":30,"column":542}},"208":{"start":{"line":30,"column":420},"end":{"line":30,"column":444}},"209":{"start":{"line":30,"column":447},"end":{"line":30,"column":457}},"210":{"start":{"line":30,"column":460},"end":{"line":30,"column":475}},"211":{"start":{"line":30,"column":478},"end":{"line":30,"column":499}},"212":{"start":{"line":30,"column":514},"end":{"line":30,"column":542}},"213":{"start":{"line":31,"column":0},"end":{"line":31,"column":41}},"214":{"start":{"line":31,"column":10},"end":{"line":31,"column":13}},"215":{"start":{"line":31,"column":16},"end":{"line":31,"column":17}},"216":{"start":{"line":31,"column":33},"end":{"line":31,"column":41}},"217":{"start":{"line":31,"column":41},"end":{"line":31,"column":81}},"218":{"start":{"line":31,"column":87},"end":{"line":31,"column":108}},"219":{"start":{"line":31,"column":109},"end":{"line":31,"column":132}},"220":{"start":{"line":31,"column":132},"end":{"line":31,"column":155}},"221":{"start":{"line":31,"column":155},"end":{"line":31,"column":291}},"222":{"start":{"line":31,"column":165},"end":{"line":31,"column":166}},"223":{"start":{"line":31,"column":169},"end":{"line":31,"column":177}},"224":{"start":{"line":31,"column":186},"end":{"line":31,"column":291}},"225":{"start":{"line":31,"column":291},"end":{"line":31,"column":307}},"226":{"start":{"line":31,"column":324},"end":{"line":31,"column":455}},"227":{"start":{"line":31,"column":334},"end":{"line":31,"column":342}},"228":{"start":{"line":31,"column":358},"end":{"line":31,"column":362}},"229":{"start":{"line":31,"column":363},"end":{"line":31,"column":454}},"230":{"start":{"line":31,"column":472},"end":{"line":32,"column":33}},"231":{"start":{"line":32,"column":33},"end":{"line":32,"column":44}},"232":{"start":{"line":32,"column":65},"end":{"line":32,"column":68}},"233":{"start":{"line":32,"column":69},"end":{"line":33,"column":466}},"234":{"start":{"line":32,"column":79},"end":{"line":32,"column":89}},"235":{"start":{"line":32,"column":92},"end":{"line":32,"column":95}},"236":{"start":{"line":32,"column":96},"end":{"line":32,"column":102}},"237":{"start":{"line":32,"column":102},"end":{"line":32,"column":110}},"238":{"start":{"line":32,"column":110},"end":{"line":32,"column":116}},"239":{"start":{"line":32,"column":116},"end":{"line":32,"column":126}},"240":{"start":{"line":32,"column":132},"end":{"line":32,"column":173}},"241":{"start":{"line":32,"column":176},"end":{"line":32,"column":187}},"242":{"start":{"line":32,"column":190},"end":{"line":32,"column":195}},"243":{"start":{"line":32,"column":198},"end":{"line":32,"column":201}},"244":{"start":{"line":32,"column":204},"end":{"line":32,"column":212}},"245":{"start":{"line":32,"column":215},"end":{"line":32,"column":216}},"246":{"start":{"line":32,"column":219},"end":{"line":32,"column":222}},"247":{"start":{"line":32,"column":225},"end":{"line":32,"column":233}},"248":{"start":{"line":32,"column":236},"end":{"line":32,"column":237}},"249":{"start":{"line":32,"column":240},"end":{"line":32,"column":243}},"250":{"start":{"line":32,"column":246},"end":{"line":32,"column":254}},"251":{"start":{"line":32,"column":257},"end":{"line":32,"column":258}},"252":{"start":{"line":32,"column":259},"end":{"line":32,"column":266}},"253":{"start":{"line":32,"column":274},"end":{"line":32,"column":338}},"254":{"start":{"line":32,"column":289},"end":{"line":32,"column":338}},"255":{"start":{"line":32,"column":338},"end":{"line":32,"column":342}},"256":{"start":{"line":32,"column":342},"end":{"line":32,"column":435}},"257":{"start":{"line":32,"column":358},"end":{"line":32,"column":413}},"258":{"start":{"line":32,"column":368},"end":{"line":32,"column":372}},"259":{"start":{"line":32,"column":375},"end":{"line":32,"column":381}},"260":{"start":{"line":32,"column":384},"end":{"line":32,"column":387}},"261":{"start":{"line":32,"column":408},"end":{"line":32,"column":413}},"262":{"start":{"line":32,"column":413},"end":{"line":32,"column":422}},"263":{"start":{"line":32,"column":422},"end":{"line":32,"column":431}},"264":{"start":{"line":32,"column":431},"end":{"line":32,"column":434}},"265":{"start":{"line":32,"column":435},"end":{"line":32,"column":446}},"266":{"start":{"line":32,"column":452},"end":{"line":32,"column":455}},"267":{"start":{"line":32,"column":456},"end":{"line":32,"column":461}},"268":{"start":{"line":32,"column":461},"end":{"line":32,"column":507}},"269":{"start":{"line":33,"column":0},"end":{"line":33,"column":418}},"270":{"start":{"line":33,"column":4},"end":{"line":33,"column":386}},"271":{"start":{"line":33,"column":21},"end":{"line":33,"column":30}},"272":{"start":{"line":33,"column":33},"end":{"line":33,"column":42}},"273":{"start":{"line":33,"column":45},"end":{"line":33,"column":58}},"274":{"start":{"line":33,"column":61},"end":{"line":33,"column":67}},"275":{"start":{"line":33,"column":70},"end":{"line":33,"column":356}},"276":{"start":{"line":33,"column":111},"end":{"line":33,"column":136}},"277":{"start":{"line":33,"column":136},"end":{"line":33,"column":150}},"278":{"start":{"line":33,"column":156},"end":{"line":33,"column":171}},"279":{"start":{"line":33,"column":174},"end":{"line":33,"column":197}},"280":{"start":{"line":33,"column":198},"end":{"line":33,"column":217}},"281":{"start":{"line":33,"column":223},"end":{"line":33,"column":235}},"282":{"start":{"line":33,"column":236},"end":{"line":33,"column":256}},"283":{"start":{"line":33,"column":256},"end":{"line":33,"column":273}},"284":{"start":{"line":33,"column":273},"end":{"line":33,"column":355}},"285":{"start":{"line":33,"column":356},"end":{"line":33,"column":360}},"286":{"start":{"line":33,"column":360},"end":{"line":33,"column":373}},"287":{"start":{"line":33,"column":373},"end":{"line":33,"column":385}},"288":{"start":{"line":33,"column":395},"end":{"line":33,"column":417}},"289":{"start":{"line":33,"column":428},"end":{"line":33,"column":465}},"290":{"start":{"line":33,"column":473},"end":{"line":33,"column":479}},"291":{"start":{"line":33,"column":482},"end":{"line":33,"column":528}},"292":{"start":{"line":34,"column":2},"end":{"line":34,"column":279}},"293":{"start":{"line":34,"column":282},"end":{"line":34,"column":585}},"294":{"start":{"line":35,"column":2},"end":{"line":35,"column":162}},"295":{"start":{"line":35,"column":165},"end":{"line":35,"column":561}},"296":{"start":{"line":36,"column":2},"end":{"line":36,"column":162}},"297":{"start":{"line":36,"column":165},"end":{"line":36,"column":319}},"298":{"start":{"line":36,"column":322},"end":{"line":36,"column":494}},"299":{"start":{"line":36,"column":497},"end":{"line":36,"column":563}},"300":{"start":{"line":37,"column":2},"end":{"line":37,"column":157}},"301":{"start":{"line":37,"column":160},"end":{"line":37,"column":164}},"302":{"start":{"line":37,"column":167},"end":{"line":37,"column":444}},"303":{"start":{"line":37,"column":447},"end":{"line":37,"column":449}},"304":{"start":{"line":37,"column":450},"end":{"line":37,"column":472}},"305":{"start":{"line":37,"column":472},"end":{"line":38,"column":423}},"306":{"start":{"line":38,"column":423},"end":{"line":39,"column":449}},"307":{"start":{"line":39,"column":449},"end":{"line":39,"column":490}},"308":{"start":{"line":39,"column":490},"end":{"line":40,"column":77}},"309":{"start":{"line":40,"column":77},"end":{"line":40,"column":121}},"310":{"start":{"line":40,"column":121},"end":{"line":40,"column":208}},"311":{"start":{"line":40,"column":208},"end":{"line":40,"column":254}},"312":{"start":{"line":40,"column":254},"end":{"line":40,"column":335}},"313":{"start":{"line":40,"column":335},"end":{"line":40,"column":434}},"314":{"start":{"line":40,"column":434},"end":{"line":41,"column":74}},"315":{"start":{"line":41,"column":74},"end":{"line":41,"column":160}},"316":{"start":{"line":41,"column":160},"end":{"line":41,"column":252}},"317":{"start":{"line":41,"column":252},"end":{"line":42,"column":31}},"318":{"start":{"line":42,"column":31},"end":{"line":42,"column":71}},"319":{"start":{"line":42,"column":77},"end":{"line":46,"column":81}},"320":{"start":{"line":42,"column":420},"end":{"line":42,"column":428}},"321":{"start":{"line":42,"column":428},"end":{"line":42,"column":438}},"322":{"start":{"line":42,"column":444},"end":{"line":42,"column":473}},"323":{"start":{"line":42,"column":474},"end":{"line":42,"column":505}},"324":{"start":{"line":43,"column":0},"end":{"line":43,"column":15}},"325":{"start":{"line":43,"column":15},"end":{"line":43,"column":28}},"326":{"start":{"line":43,"column":28},"end":{"line":43,"column":77}},"327":{"start":{"line":43,"column":77},"end":{"line":43,"column":95}},"328":{"start":{"line":43,"column":150},"end":{"line":45,"column":94}},"329":{"start":{"line":43,"column":160},"end":{"line":43,"column":209}},"330":{"start":{"line":43,"column":237},"end":{"line":43,"column":473}},"331":{"start":{"line":43,"column":247},"end":{"line":43,"column":251}},"332":{"start":{"line":43,"column":254},"end":{"line":43,"column":255}},"333":{"start":{"line":43,"column":258},"end":{"line":43,"column":259}},"334":{"start":{"line":43,"column":288},"end":{"line":43,"column":298}},"335":{"start":{"line":43,"column":301},"end":{"line":43,"column":328}},"336":{"start":{"line":43,"column":329},"end":{"line":43,"column":396}},"337":{"start":{"line":43,"column":390},"end":{"line":43,"column":396}},"338":{"start":{"line":43,"column":396},"end":{"line":43,"column":472}},"339":{"start":{"line":43,"column":402},"end":{"line":43,"column":407}},"340":{"start":{"line":43,"column":407},"end":{"line":43,"column":466}},"341":{"start":{"line":43,"column":457},"end":{"line":43,"column":463}},"342":{"start":{"line":43,"column":466},"end":{"line":43,"column":471}},"343":{"start":{"line":43,"column":473},"end":{"line":43,"column":487}},"344":{"start":{"line":43,"column":487},"end":{"line":45,"column":93}},"345":{"start":{"line":44,"column":12},"end":{"line":44,"column":17}},"346":{"start":{"line":44,"column":17},"end":{"line":44,"column":120}},"347":{"start":{"line":44,"column":53},"end":{"line":44,"column":120}},"348":{"start":{"line":44,"column":109},"end":{"line":44,"column":114}},"349":{"start":{"line":44,"column":114},"end":{"line":44,"column":119}},"350":{"start":{"line":44,"column":120},"end":{"line":45,"column":92}},"351":{"start":{"line":44,"column":127},"end":{"line":44,"column":157}},"352":{"start":{"line":44,"column":157},"end":{"line":44,"column":166}},"353":{"start":{"line":44,"column":166},"end":{"line":44,"column":262}},"354":{"start":{"line":44,"column":179},"end":{"line":44,"column":189}},"355":{"start":{"line":44,"column":192},"end":{"line":44,"column":250}},"356":{"start":{"line":44,"column":250},"end":{"line":44,"column":261}},"357":{"start":{"line":44,"column":262},"end":{"line":44,"column":459}},"358":{"start":{"line":44,"column":283},"end":{"line":44,"column":287}},"359":{"start":{"line":44,"column":298},"end":{"line":44,"column":312}},"360":{"start":{"line":44,"column":315},"end":{"line":44,"column":328}},"361":{"start":{"line":44,"column":331},"end":{"line":44,"column":458}},"362":{"start":{"line":44,"column":459},"end":{"line":44,"column":472}},"363":{"start":{"line":44,"column":472},"end":{"line":45,"column":31}},"364":{"start":{"line":45,"column":31},"end":{"line":45,"column":43}},"365":{"start":{"line":45,"column":43},"end":{"line":45,"column":91}},"366":{"start":{"line":45,"column":94},"end":{"line":45,"column":151}},"367":{"start":{"line":45,"column":152},"end":{"line":45,"column":376}},"368":{"start":{"line":45,"column":162},"end":{"line":45,"column":178}},"369":{"start":{"line":45,"column":181},"end":{"line":45,"column":206}},"370":{"start":{"line":45,"column":209},"end":{"line":45,"column":301}},"371":{"start":{"line":45,"column":304},"end":{"line":45,"column":306}},"372":{"start":{"line":45,"column":309},"end":{"line":45,"column":310}},"373":{"start":{"line":45,"column":326},"end":{"line":45,"column":376}},"374":{"start":{"line":45,"column":336},"end":{"line":45,"column":337}},"375":{"start":{"line":45,"column":340},"end":{"line":45,"column":351}},"376":{"start":{"line":45,"column":360},"end":{"line":45,"column":376}},"377":{"start":{"line":45,"column":382},"end":{"line":45,"column":386}},"378":{"start":{"line":45,"column":389},"end":{"line":45,"column":393}},"379":{"start":{"line":45,"column":394},"end":{"line":45,"column":439}},"380":{"start":{"line":45,"column":420},"end":{"line":45,"column":435}},"381":{"start":{"line":45,"column":445},"end":{"line":45,"column":446}},"382":{"start":{"line":45,"column":449},"end":{"line":45,"column":481}},"383":{"start":{"line":45,"column":484},"end":{"line":45,"column":501}},"384":{"start":{"line":46,"column":2},"end":{"line":46,"column":21}},"385":{"start":{"line":46,"column":24},"end":{"line":46,"column":34}},"386":{"start":{"line":46,"column":37},"end":{"line":46,"column":46}},"387":{"start":{"line":46,"column":49},"end":{"line":46,"column":70}},"388":{"start":{"line":46,"column":73},"end":{"line":46,"column":75}},"389":{"start":{"line":46,"column":76},"end":{"line":46,"column":79}},"390":{"start":{"line":46,"column":84},"end":{"line":46,"column":92}},"391":{"start":{"line":46,"column":93},"end":{"line":46,"column":172}},"392":{"start":{"line":46,"column":162},"end":{"line":46,"column":170}}},"fnMap":{"0":{"name":"(anonymous_0)","decl":{"start":{"line":1,"column":1},"end":{"line":1,"column":2}},"loc":{"start":{"line":1,"column":11},"end":{"line":46,"column":178}},"line":1},"1":{"name":"(anonymous_1)","decl":{"start":{"line":18,"column":1},"end":{"line":18,"column":2}},"loc":{"start":{"line":18,"column":11},"end":{"line":46,"column":173}},"line":18},"2":{"name":"T","decl":{"start":{"line":18,"column":21},"end":{"line":18,"column":22}},"loc":{"start":{"line":18,"column":25},"end":{"line":22,"column":196}},"line":18},"3":{"name":"d","decl":{"start":{"line":18,"column":35},"end":{"line":18,"column":36}},"loc":{"start":{"line":18,"column":39},"end":{"line":18,"column":219}},"line":18},"4":{"name":"f","decl":{"start":{"line":18,"column":228},"end":{"line":18,"column":229}},"loc":{"start":{"line":18,"column":232},"end":{"line":18,"column":358}},"line":18},"5":{"name":"b","decl":{"start":{"line":18,"column":367},"end":{"line":18,"column":368}},"loc":{"start":{"line":18,"column":371},"end":{"line":20,"column":100}},"line":18},"6":{"name":"(anonymous_6)","decl":{"start":{"line":19,"column":341},"end":{"line":19,"column":342}},"loc":{"start":{"line":19,"column":354},"end":{"line":19,"column":383}},"line":19},"7":{"name":"v","decl":{"start":{"line":20,"column":109},"end":{"line":20,"column":110}},"loc":{"start":{"line":20,"column":113},"end":{"line":21,"column":331}},"line":20},"8":{"name":"(anonymous_8)","decl":{"start":{"line":21,"column":234},"end":{"line":21,"column":235}},"loc":{"start":{"line":21,"column":245},"end":{"line":21,"column":310}},"line":21},"9":{"name":"U","decl":{"start":{"line":22,"column":205},"end":{"line":22,"column":206}},"loc":{"start":{"line":22,"column":211},"end":{"line":23,"column":146}},"line":22},"10":{"name":"f","decl":{"start":{"line":22,"column":221},"end":{"line":22,"column":222}},"loc":{"start":{"line":22,"column":225},"end":{"line":23,"column":49}},"line":22},"11":{"name":"J","decl":{"start":{"line":23,"column":155},"end":{"line":23,"column":156}},"loc":{"start":{"line":23,"column":167},"end":{"line":23,"column":246}},"line":23},"12":{"name":"V","decl":{"start":{"line":23,"column":255},"end":{"line":23,"column":256}},"loc":{"start":{"line":23,"column":259},"end":{"line":23,"column":395}},"line":23},"13":{"name":"G","decl":{"start":{"line":23,"column":404},"end":{"line":23,"column":405}},"loc":{"start":{"line":23,"column":410},"end":{"line":25,"column":271}},"line":23},"14":{"name":"f","decl":{"start":{"line":23,"column":420},"end":{"line":23,"column":421}},"loc":{"start":{"line":23,"column":424},"end":{"line":25,"column":11}},"line":23},"15":{"name":"(anonymous_15)","decl":{"start":{"line":25,"column":23},"end":{"line":25,"column":24}},"loc":{"start":{"line":25,"column":33},"end":{"line":25,"column":243}},"line":25},"16":{"name":"y","decl":{"start":{"line":25,"column":280},"end":{"line":25,"column":281}},"loc":{"start":{"line":25,"column":284},"end":{"line":29,"column":177}},"line":25},"17":{"name":"L","decl":{"start":{"line":29,"column":186},"end":{"line":29,"column":187}},"loc":{"start":{"line":29,"column":194},"end":{"line":31,"column":308}},"line":29},"18":{"name":"b","decl":{"start":{"line":29,"column":204},"end":{"line":29,"column":205}},"loc":{"start":{"line":29,"column":208},"end":{"line":30,"column":99}},"line":29},"19":{"name":"v","decl":{"start":{"line":30,"column":108},"end":{"line":30,"column":109}},"loc":{"start":{"line":30,"column":112},"end":{"line":30,"column":410}},"line":30},"20":{"name":"b","decl":{"start":{"line":30,"column":122},"end":{"line":30,"column":123}},"loc":{"start":{"line":30,"column":128},"end":{"line":30,"column":282}},"line":30},"21":{"name":"t","decl":{"start":{"line":31,"column":317},"end":{"line":31,"column":318}},"loc":{"start":{"line":31,"column":323},"end":{"line":31,"column":456}},"line":31},"22":{"name":"K","decl":{"start":{"line":31,"column":465},"end":{"line":31,"column":466}},"loc":{"start":{"line":31,"column":471},"end":{"line":32,"column":45}},"line":31},"23":{"name":"M","decl":{"start":{"line":32,"column":54},"end":{"line":32,"column":55}},"loc":{"start":{"line":32,"column":58},"end":{"line":33,"column":467}},"line":32},"24":{"name":"(anonymous_24)","decl":{"start":{"line":42,"column":404},"end":{"line":42,"column":405}},"loc":{"start":{"line":42,"column":419},"end":{"line":43,"column":96}},"line":42},"25":{"name":"(anonymous_25)","decl":{"start":{"line":43,"column":123},"end":{"line":43,"column":124}},"loc":{"start":{"line":43,"column":136},"end":{"line":46,"column":80}},"line":43},"26":{"name":"f","decl":{"start":{"line":43,"column":146},"end":{"line":43,"column":147}},"loc":{"start":{"line":43,"column":149},"end":{"line":45,"column":152}},"line":43},"27":{"name":"(anonymous_27)","decl":{"start":{"line":43,"column":441},"end":{"line":43,"column":442}},"loc":{"start":{"line":43,"column":456},"end":{"line":43,"column":464}},"line":43},"28":{"name":"(anonymous_28)","decl":{"start":{"line":45,"column":409},"end":{"line":45,"column":410}},"loc":{"start":{"line":45,"column":419},"end":{"line":45,"column":436}},"line":45},"29":{"name":"(anonymous_29)","decl":{"start":{"line":46,"column":151},"end":{"line":46,"column":152}},"loc":{"start":{"line":46,"column":161},"end":{"line":46,"column":171}},"line":46}},"branchMap":{"0":{"loc":{"start":{"line":18,"column":62},"end":{"line":18,"column":81}},"type":"if","locations":[{"start":{"line":18,"column":62},"end":{"line":18,"column":81}},{"start":{"line":18,"column":62},"end":{"line":18,"column":81}}],"line":18},"1":{"loc":{"start":{"line":18,"column":105},"end":{"line":18,"column":218}},"type":"cond-expr","locations":[{"start":{"line":18,"column":114},"end":{"line":18,"column":115}},{"start":{"line":18,"column":116},"end":{"line":18,"column":218}}],"line":18},"2":{"loc":{"start":{"line":18,"column":116},"end":{"line":18,"column":218}},"type":"cond-expr","locations":[{"start":{"line":18,"column":131},"end":{"line":18,"column":157}},{"start":{"line":18,"column":158},"end":{"line":18,"column":218}}],"line":18},"3":{"loc":{"start":{"line":18,"column":116},"end":{"line":18,"column":130}},"type":"binary-expr","locations":[{"start":{"line":18,"column":116},"end":{"line":18,"column":122}},{"start":{"line":18,"column":124},"end":{"line":18,"column":130}}],"line":18},"4":{"loc":{"start":{"line":18,"column":158},"end":{"line":18,"column":218}},"type":"cond-expr","locations":[{"start":{"line":18,"column":175},"end":{"line":18,"column":202}},{"start":{"line":18,"column":203},"end":{"line":18,"column":218}}],"line":18},"5":{"loc":{"start":{"line":18,"column":158},"end":{"line":18,"column":174}},"type":"binary-expr","locations":[{"start":{"line":18,"column":158},"end":{"line":18,"column":165}},{"start":{"line":18,"column":167},"end":{"line":18,"column":174}}],"line":18},"6":{"loc":{"start":{"line":18,"column":233},"end":{"line":18,"column":282}},"type":"if","locations":[{"start":{"line":18,"column":233},"end":{"line":18,"column":282}},{"start":{"line":18,"column":233},"end":{"line":18,"column":282}}],"line":18},"7":{"loc":{"start":{"line":18,"column":248},"end":{"line":18,"column":265}},"type":"cond-expr","locations":[{"start":{"line":18,"column":253},"end":{"line":18,"column":259}},{"start":{"line":18,"column":260},"end":{"line":18,"column":265}}],"line":18},"8":{"loc":{"start":{"line":18,"column":313},"end":{"line":18,"column":357}},"type":"cond-expr","locations":[{"start":{"line":18,"column":349},"end":{"line":18,"column":355}},{"start":{"line":18,"column":356},"end":{"line":18,"column":357}}],"line":18},"9":{"loc":{"start":{"line":18,"column":313},"end":{"line":18,"column":348}},"type":"binary-expr","locations":[{"start":{"line":18,"column":313},"end":{"line":18,"column":321}},{"start":{"line":18,"column":323},"end":{"line":18,"column":330}},{"start":{"line":18,"column":332},"end":{"line":18,"column":339}},{"start":{"line":18,"column":341},"end":{"line":18,"column":348}}],"line":18},"10":{"loc":{"start":{"line":19,"column":28},"end":{"line":19,"column":42}},"type":"binary-expr","locations":[{"start":{"line":19,"column":28},"end":{"line":19,"column":29}},{"start":{"line":19,"column":31},"end":{"line":19,"column":42}}],"line":19},"11":{"loc":{"start":{"line":19,"column":53},"end":{"line":19,"column":58}},"type":"cond-expr","locations":[{"start":{"line":19,"column":55},"end":{"line":19,"column":56}},{"start":{"line":19,"column":57},"end":{"line":19,"column":58}}],"line":19},"12":{"loc":{"start":{"line":19,"column":90},"end":{"line":19,"column":333}},"type":"if","locations":[{"start":{"line":19,"column":90},"end":{"line":19,"column":333}},{"start":{"line":19,"column":90},"end":{"line":19,"column":333}}],"line":19},"13":{"loc":{"start":{"line":19,"column":141},"end":{"line":19,"column":183}},"type":"cond-expr","locations":[{"start":{"line":19,"column":162},"end":{"line":19,"column":178}},{"start":{"line":19,"column":180},"end":{"line":19,"column":183}}],"line":19},"14":{"loc":{"start":{"line":19,"column":141},"end":{"line":19,"column":160}},"type":"binary-expr","locations":[{"start":{"line":19,"column":141},"end":{"line":19,"column":146}},{"start":{"line":19,"column":148},"end":{"line":19,"column":160}}],"line":19},"15":{"loc":{"start":{"line":19,"column":198},"end":{"line":19,"column":332}},"type":"binary-expr","locations":[{"start":{"line":19,"column":198},"end":{"line":19,"column":202}},{"start":{"line":19,"column":204},"end":{"line":19,"column":209}},{"start":{"line":19,"column":212},"end":{"line":19,"column":331}}],"line":19},"16":{"loc":{"start":{"line":19,"column":212},"end":{"line":19,"column":269}},"type":"binary-expr","locations":[{"start":{"line":19,"column":212},"end":{"line":19,"column":216}},{"start":{"line":19,"column":218},"end":{"line":19,"column":222}},{"start":{"line":19,"column":224},"end":{"line":19,"column":269}}],"line":19},"17":{"loc":{"start":{"line":19,"column":270},"end":{"line":19,"column":331}},"type":"binary-expr","locations":[{"start":{"line":19,"column":270},"end":{"line":19,"column":274}},{"start":{"line":19,"column":276},"end":{"line":19,"column":281}},{"start":{"line":19,"column":283},"end":{"line":19,"column":331}}],"line":19},"18":{"loc":{"start":{"line":19,"column":362},"end":{"line":19,"column":382}},"type":"binary-expr","locations":[{"start":{"line":19,"column":362},"end":{"line":19,"column":371}},{"start":{"line":19,"column":373},"end":{"line":19,"column":382}}],"line":19},"19":{"loc":{"start":{"line":19,"column":425},"end":{"line":19,"column":474}},"type":"cond-expr","locations":[{"start":{"line":19,"column":438},"end":{"line":19,"column":462}},{"start":{"line":19,"column":463},"end":{"line":19,"column":474}}],"line":19},"20":{"loc":{"start":{"line":20,"column":16},"end":{"line":20,"column":69}},"type":"binary-expr","locations":[{"start":{"line":20,"column":16},"end":{"line":20,"column":25}},{"start":{"line":20,"column":28},"end":{"line":20,"column":68}}],"line":20},"21":{"loc":{"start":{"line":20,"column":28},"end":{"line":20,"column":52}},"type":"binary-expr","locations":[{"start":{"line":20,"column":28},"end":{"line":20,"column":39}},{"start":{"line":20,"column":41},"end":{"line":20,"column":52}}],"line":20},"22":{"loc":{"start":{"line":20,"column":315},"end":{"line":20,"column":392}},"type":"cond-expr","locations":[{"start":{"line":20,"column":323},"end":{"line":20,"column":326}},{"start":{"line":20,"column":327},"end":{"line":20,"column":392}}],"line":20},"23":{"loc":{"start":{"line":20,"column":327},"end":{"line":20,"column":392}},"type":"binary-expr","locations":[{"start":{"line":20,"column":327},"end":{"line":20,"column":345}},{"start":{"line":20,"column":348},"end":{"line":20,"column":365}},{"start":{"line":20,"column":369},"end":{"line":20,"column":391}}],"line":20},"24":{"loc":{"start":{"line":20,"column":369},"end":{"line":20,"column":391}},"type":"cond-expr","locations":[{"start":{"line":20,"column":374},"end":{"line":20,"column":381}},{"start":{"line":20,"column":382},"end":{"line":20,"column":391}}],"line":20},"25":{"loc":{"start":{"line":20,"column":416},"end":{"line":20,"column":437}},"type":"binary-expr","locations":[{"start":{"line":20,"column":416},"end":{"line":20,"column":425}},{"start":{"line":20,"column":428},"end":{"line":20,"column":436}}],"line":20},"26":{"loc":{"start":{"line":20,"column":463},"end":{"line":21,"column":56}},"type":"cond-expr","locations":[{"start":{"line":20,"column":472},"end":{"line":20,"column":494}},{"start":{"line":20,"column":496},"end":{"line":21,"column":56}}],"line":20},"27":{"loc":{"start":{"line":20,"column":476},"end":{"line":20,"column":494}},"type":"binary-expr","locations":[{"start":{"line":20,"column":476},"end":{"line":20,"column":480}},{"start":{"line":20,"column":483},"end":{"line":20,"column":493}}],"line":20},"28":{"loc":{"start":{"line":20,"column":496},"end":{"line":21,"column":56}},"type":"binary-expr","locations":[{"start":{"line":20,"column":496},"end":{"line":21,"column":11}},{"start":{"line":21,"column":14},"end":{"line":21,"column":31}},{"start":{"line":21,"column":34},"end":{"line":21,"column":38}},{"start":{"line":21,"column":41},"end":{"line":21,"column":55}}],"line":20},"29":{"loc":{"start":{"line":21,"column":73},"end":{"line":21,"column":108}},"type":"binary-expr","locations":[{"start":{"line":21,"column":73},"end":{"line":21,"column":83}},{"start":{"line":21,"column":85},"end":{"line":21,"column":97}},{"start":{"line":21,"column":100},"end":{"line":21,"column":107}}],"line":21},"30":{"loc":{"start":{"line":21,"column":109},"end":{"line":21,"column":313}},"type":"if","locations":[{"start":{"line":21,"column":109},"end":{"line":21,"column":313}},{"start":{"line":21,"column":109},"end":{"line":21,"column":313}}],"line":21},"31":{"loc":{"start":{"line":21,"column":112},"end":{"line":21,"column":127}},"type":"binary-expr","locations":[{"start":{"line":21,"column":112},"end":{"line":21,"column":124}},{"start":{"line":21,"column":126},"end":{"line":21,"column":127}}],"line":21},"32":{"loc":{"start":{"line":21,"column":165},"end":{"line":21,"column":312}},"type":"cond-expr","locations":[{"start":{"line":21,"column":186},"end":{"line":21,"column":195}},{"start":{"line":21,"column":196},"end":{"line":21,"column":312}}],"line":21},"33":{"loc":{"start":{"line":21,"column":165},"end":{"line":21,"column":185}},"type":"binary-expr","locations":[{"start":{"line":21,"column":165},"end":{"line":21,"column":176}},{"start":{"line":21,"column":178},"end":{"line":21,"column":185}}],"line":21},"34":{"loc":{"start":{"line":21,"column":196},"end":{"line":21,"column":312}},"type":"binary-expr","locations":[{"start":{"line":21,"column":196},"end":{"line":21,"column":204}},{"start":{"line":21,"column":207},"end":{"line":21,"column":311}}],"line":21},"35":{"loc":{"start":{"line":21,"column":388},"end":{"line":22,"column":11}},"type":"if","locations":[{"start":{"line":21,"column":388},"end":{"line":22,"column":11}},{"start":{"line":21,"column":388},"end":{"line":22,"column":11}}],"line":21},"36":{"loc":{"start":{"line":21,"column":414},"end":{"line":22,"column":11}},"type":"if","locations":[{"start":{"line":21,"column":414},"end":{"line":22,"column":11}},{"start":{"line":21,"column":414},"end":{"line":22,"column":11}}],"line":21},"37":{"loc":{"start":{"line":22,"column":88},"end":{"line":22,"column":131}},"type":"if","locations":[{"start":{"line":22,"column":88},"end":{"line":22,"column":131}},{"start":{"line":22,"column":88},"end":{"line":22,"column":131}}],"line":22},"38":{"loc":{"start":{"line":22,"column":91},"end":{"line":22,"column":112}},"type":"binary-expr","locations":[{"start":{"line":22,"column":91},"end":{"line":22,"column":99}},{"start":{"line":22,"column":101},"end":{"line":22,"column":112}}],"line":22},"39":{"loc":{"start":{"line":22,"column":184},"end":{"line":22,"column":194}},"type":"cond-expr","locations":[{"start":{"line":22,"column":186},"end":{"line":22,"column":190}},{"start":{"line":22,"column":191},"end":{"line":22,"column":194}}],"line":22},"40":{"loc":{"start":{"line":22,"column":243},"end":{"line":23,"column":48}},"type":"if","locations":[{"start":{"line":22,"column":243},"end":{"line":23,"column":48}},{"start":{"line":22,"column":243},"end":{"line":23,"column":48}}],"line":22},"41":{"loc":{"start":{"line":22,"column":252},"end":{"line":22,"column":404}},"type":"if","locations":[{"start":{"line":22,"column":252},"end":{"line":22,"column":404}},{"start":{"line":22,"column":252},"end":{"line":22,"column":404}}],"line":22},"42":{"loc":{"start":{"line":22,"column":346},"end":{"line":22,"column":403}},"type":"if","locations":[{"start":{"line":22,"column":346},"end":{"line":22,"column":403}},{"start":{"line":22,"column":346},"end":{"line":22,"column":403}}],"line":22},"43":{"loc":{"start":{"line":22,"column":349},"end":{"line":22,"column":367}},"type":"binary-expr","locations":[{"start":{"line":22,"column":349},"end":{"line":22,"column":357}},{"start":{"line":22,"column":359},"end":{"line":22,"column":367}}],"line":22},"44":{"loc":{"start":{"line":22,"column":410},"end":{"line":23,"column":48}},"type":"if","locations":[{"start":{"line":22,"column":410},"end":{"line":23,"column":48}},{"start":{"line":22,"column":410},"end":{"line":23,"column":48}}],"line":22},"45":{"loc":{"start":{"line":22,"column":413},"end":{"line":22,"column":423}},"type":"binary-expr","locations":[{"start":{"line":22,"column":413},"end":{"line":22,"column":417}},{"start":{"line":22,"column":419},"end":{"line":22,"column":423}}],"line":22},"46":{"loc":{"start":{"line":22,"column":438},"end":{"line":23,"column":48}},"type":"binary-expr","locations":[{"start":{"line":22,"column":438},"end":{"line":22,"column":446}},{"start":{"line":22,"column":449},"end":{"line":23,"column":47}}],"line":22},"47":{"loc":{"start":{"line":22,"column":451},"end":{"line":23,"column":4}},"type":"cond-expr","locations":[{"start":{"line":22,"column":453},"end":{"line":22,"column":477}},{"start":{"line":22,"column":478},"end":{"line":23,"column":4}}],"line":22},"48":{"loc":{"start":{"line":23,"column":168},"end":{"line":23,"column":245}},"type":"binary-expr","locations":[{"start":{"line":23,"column":168},"end":{"line":23,"column":169}},{"start":{"line":23,"column":172},"end":{"line":23,"column":244}}],"line":23},"49":{"loc":{"start":{"line":23,"column":329},"end":{"line":23,"column":372}},"type":"cond-expr","locations":[{"start":{"line":23,"column":335},"end":{"line":23,"column":340}},{"start":{"line":23,"column":341},"end":{"line":23,"column":372}}],"line":23},"50":{"loc":{"start":{"line":23,"column":335},"end":{"line":23,"column":340}},"type":"cond-expr","locations":[{"start":{"line":23,"column":337},"end":{"line":23,"column":338}},{"start":{"line":23,"column":339},"end":{"line":23,"column":340}}],"line":23},"51":{"loc":{"start":{"line":23,"column":341},"end":{"line":23,"column":372}},"type":"cond-expr","locations":[{"start":{"line":23,"column":347},"end":{"line":23,"column":370}},{"start":{"line":23,"column":371},"end":{"line":23,"column":372}}],"line":23},"52":{"loc":{"start":{"line":23,"column":347},"end":{"line":23,"column":370}},"type":"cond-expr","locations":[{"start":{"line":23,"column":367},"end":{"line":23,"column":368}},{"start":{"line":23,"column":369},"end":{"line":23,"column":370}}],"line":23},"53":{"loc":{"start":{"line":23,"column":380},"end":{"line":23,"column":394}},"type":"cond-expr","locations":[{"start":{"line":23,"column":386},"end":{"line":23,"column":392}},{"start":{"line":23,"column":393},"end":{"line":23,"column":394}}],"line":23},"54":{"loc":{"start":{"line":23,"column":463},"end":{"line":23,"column":479}},"type":"binary-expr","locations":[{"start":{"line":23,"column":463},"end":{"line":23,"column":475}},{"start":{"line":23,"column":477},"end":{"line":23,"column":479}}],"line":23},"55":{"loc":{"start":{"line":24,"column":36},"end":{"line":24,"column":292}},"type":"if","locations":[{"start":{"line":24,"column":36},"end":{"line":24,"column":292}},{"start":{"line":24,"column":36},"end":{"line":24,"column":292}}],"line":24},"56":{"loc":{"start":{"line":24,"column":90},"end":{"line":24,"column":192}},"type":"if","locations":[{"start":{"line":24,"column":90},"end":{"line":24,"column":192}},{"start":{"line":24,"column":90},"end":{"line":24,"column":192}}],"line":24},"57":{"loc":{"start":{"line":24,"column":139},"end":{"line":24,"column":179}},"type":"if","locations":[{"start":{"line":24,"column":139},"end":{"line":24,"column":179}},{"start":{"line":24,"column":139},"end":{"line":24,"column":179}}],"line":24},"58":{"loc":{"start":{"line":24,"column":179},"end":{"line":24,"column":191}},"type":"binary-expr","locations":[{"start":{"line":24,"column":179},"end":{"line":24,"column":180}},{"start":{"line":24,"column":183},"end":{"line":24,"column":190}}],"line":24},"59":{"loc":{"start":{"line":24,"column":192},"end":{"line":24,"column":279}},"type":"binary-expr","locations":[{"start":{"line":24,"column":192},"end":{"line":24,"column":236}},{"start":{"line":24,"column":238},"end":{"line":24,"column":239}},{"start":{"line":24,"column":241},"end":{"line":24,"column":263}},{"start":{"line":24,"column":266},"end":{"line":24,"column":278}}],"line":24},"60":{"loc":{"start":{"line":24,"column":196},"end":{"line":24,"column":235}},"type":"binary-expr","locations":[{"start":{"line":24,"column":196},"end":{"line":24,"column":207}},{"start":{"line":24,"column":209},"end":{"line":24,"column":235}}],"line":24},"61":{"loc":{"start":{"line":24,"column":280},"end":{"line":24,"column":291}},"type":"binary-expr","locations":[{"start":{"line":24,"column":280},"end":{"line":24,"column":281}},{"start":{"line":24,"column":284},"end":{"line":24,"column":290}}],"line":24},"62":{"loc":{"start":{"line":24,"column":308},"end":{"line":25,"column":4}},"type":"if","locations":[{"start":{"line":24,"column":308},"end":{"line":25,"column":4}},{"start":{"line":24,"column":308},"end":{"line":25,"column":4}}],"line":24},"63":{"loc":{"start":{"line":24,"column":353},"end":{"line":24,"column":396}},"type":"binary-expr","locations":[{"start":{"line":24,"column":353},"end":{"line":24,"column":357}},{"start":{"line":24,"column":360},"end":{"line":24,"column":395}}],"line":24},"64":{"loc":{"start":{"line":25,"column":108},"end":{"line":25,"column":157}},"type":"if","locations":[{"start":{"line":25,"column":108},"end":{"line":25,"column":157}},{"start":{"line":25,"column":108},"end":{"line":25,"column":157}}],"line":25},"65":{"loc":{"start":{"line":25,"column":171},"end":{"line":25,"column":213}},"type":"binary-expr","locations":[{"start":{"line":25,"column":171},"end":{"line":25,"column":190}},{"start":{"line":25,"column":193},"end":{"line":25,"column":212}}],"line":25},"66":{"loc":{"start":{"line":25,"column":299},"end":{"line":26,"column":258}},"type":"cond-expr","locations":[{"start":{"line":25,"column":321},"end":{"line":26,"column":12}},{"start":{"line":26,"column":13},"end":{"line":26,"column":258}}],"line":25},"67":{"loc":{"start":{"line":26,"column":13},"end":{"line":26,"column":258}},"type":"cond-expr","locations":[{"start":{"line":26,"column":32},"end":{"line":26,"column":162}},{"start":{"line":26,"column":163},"end":{"line":26,"column":258}}],"line":26},"68":{"loc":{"start":{"line":26,"column":259},"end":{"line":26,"column":328}},"type":"binary-expr","locations":[{"start":{"line":26,"column":259},"end":{"line":26,"column":276}},{"start":{"line":26,"column":278},"end":{"line":26,"column":328}}],"line":26},"69":{"loc":{"start":{"line":26,"column":350},"end":{"line":27,"column":156}},"type":"binary-expr","locations":[{"start":{"line":26,"column":350},"end":{"line":26,"column":351}},{"start":{"line":26,"column":354},"end":{"line":27,"column":155}}],"line":26},"70":{"loc":{"start":{"line":26,"column":354},"end":{"line":27,"column":155}},"type":"cond-expr","locations":[{"start":{"line":26,"column":372},"end":{"line":27,"column":116}},{"start":{"line":27,"column":118},"end":{"line":27,"column":155}}],"line":26},"71":{"loc":{"start":{"line":26,"column":372},"end":{"line":27,"column":10}},"type":"cond-expr","locations":[{"start":{"line":26,"column":376},"end":{"line":26,"column":440}},{"start":{"line":26,"column":441},"end":{"line":27,"column":10}}],"line":26},"72":{"loc":{"start":{"line":27,"column":157},"end":{"line":27,"column":260}},"type":"binary-expr","locations":[{"start":{"line":27,"column":157},"end":{"line":27,"column":173}},{"start":{"line":27,"column":176},"end":{"line":27,"column":259}}],"line":27},"73":{"loc":{"start":{"line":27,"column":261},"end":{"line":28,"column":114}},"type":"if","locations":[{"start":{"line":27,"column":261},"end":{"line":28,"column":114}},{"start":{"line":27,"column":261},"end":{"line":28,"column":114}}],"line":27},"74":{"loc":{"start":{"line":27,"column":289},"end":{"line":27,"column":321}},"type":"cond-expr","locations":[{"start":{"line":27,"column":307},"end":{"line":27,"column":310}},{"start":{"line":27,"column":311},"end":{"line":27,"column":321}}],"line":27},"75":{"loc":{"start":{"line":27,"column":292},"end":{"line":27,"column":305}},"type":"cond-expr","locations":[{"start":{"line":27,"column":296},"end":{"line":27,"column":298}},{"start":{"line":27,"column":299},"end":{"line":27,"column":305}}],"line":27},"76":{"loc":{"start":{"line":28,"column":114},"end":{"line":28,"column":144}},"type":"binary-expr","locations":[{"start":{"line":28,"column":115},"end":{"line":28,"column":124}},{"start":{"line":28,"column":127},"end":{"line":28,"column":144}}],"line":28},"77":{"loc":{"start":{"line":28,"column":184},"end":{"line":28,"column":265}},"type":"binary-expr","locations":[{"start":{"line":28,"column":184},"end":{"line":28,"column":192}},{"start":{"line":28,"column":194},"end":{"line":28,"column":265}}],"line":28},"78":{"loc":{"start":{"line":28,"column":339},"end":{"line":28,"column":370}},"type":"binary-expr","locations":[{"start":{"line":28,"column":339},"end":{"line":28,"column":354}},{"start":{"line":28,"column":357},"end":{"line":28,"column":369}}],"line":28},"79":{"loc":{"start":{"line":29,"column":226},"end":{"line":30,"column":98}},"type":"if","locations":[{"start":{"line":29,"column":226},"end":{"line":30,"column":98}},{"start":{"line":29,"column":226},"end":{"line":30,"column":98}}],"line":29},"80":{"loc":{"start":{"line":29,"column":229},"end":{"line":29,"column":255}},"type":"binary-expr","locations":[{"start":{"line":29,"column":229},"end":{"line":29,"column":233}},{"start":{"line":29,"column":235},"end":{"line":29,"column":255}}],"line":29},"81":{"loc":{"start":{"line":29,"column":256},"end":{"line":29,"column":371}},"type":"if","locations":[{"start":{"line":29,"column":256},"end":{"line":29,"column":371}},{"start":{"line":29,"column":256},"end":{"line":29,"column":371}}],"line":29},"82":{"loc":{"start":{"line":29,"column":282},"end":{"line":29,"column":323}},"type":"binary-expr","locations":[{"start":{"line":29,"column":282},"end":{"line":29,"column":294}},{"start":{"line":29,"column":296},"end":{"line":29,"column":323}}],"line":29},"83":{"loc":{"start":{"line":29,"column":376},"end":{"line":30,"column":98}},"type":"if","locations":[{"start":{"line":29,"column":376},"end":{"line":30,"column":98}},{"start":{"line":29,"column":376},"end":{"line":30,"column":98}}],"line":29},"84":{"loc":{"start":{"line":29,"column":379},"end":{"line":29,"column":394}},"type":"binary-expr","locations":[{"start":{"line":29,"column":380},"end":{"line":29,"column":384}},{"start":{"line":29,"column":386},"end":{"line":29,"column":390}},{"start":{"line":29,"column":393},"end":{"line":29,"column":394}}],"line":29},"85":{"loc":{"start":{"line":29,"column":427},"end":{"line":30,"column":97}},"type":"binary-expr","locations":[{"start":{"line":29,"column":427},"end":{"line":29,"column":428}},{"start":{"line":29,"column":431},"end":{"line":30,"column":96}}],"line":29},"86":{"loc":{"start":{"line":29,"column":470},"end":{"line":30,"column":60}},"type":"binary-expr","locations":[{"start":{"line":29,"column":471},"end":{"line":29,"column":505}},{"start":{"line":30,"column":0},"end":{"line":30,"column":60}}],"line":29},"87":{"loc":{"start":{"line":30,"column":66},"end":{"line":30,"column":96}},"type":"binary-expr","locations":[{"start":{"line":30,"column":66},"end":{"line":30,"column":67}},{"start":{"line":30,"column":69},"end":{"line":30,"column":96}}],"line":30},"88":{"loc":{"start":{"line":30,"column":135},"end":{"line":30,"column":154}},"type":"cond-expr","locations":[{"start":{"line":30,"column":137},"end":{"line":30,"column":152}},{"start":{"line":30,"column":153},"end":{"line":30,"column":154}}],"line":30},"89":{"loc":{"start":{"line":30,"column":170},"end":{"line":30,"column":273}},"type":"if","locations":[{"start":{"line":30,"column":170},"end":{"line":30,"column":273}},{"start":{"line":30,"column":170},"end":{"line":30,"column":273}}],"line":30},"90":{"loc":{"start":{"line":30,"column":303},"end":{"line":30,"column":331}},"type":"if","locations":[{"start":{"line":30,"column":303},"end":{"line":30,"column":331}},{"start":{"line":30,"column":303},"end":{"line":30,"column":331}}],"line":30},"91":{"loc":{"start":{"line":30,"column":362},"end":{"line":30,"column":394}},"type":"binary-expr","locations":[{"start":{"line":30,"column":363},"end":{"line":30,"column":377}},{"start":{"line":30,"column":380},"end":{"line":30,"column":394}}],"line":30},"92":{"loc":{"start":{"line":31,"column":41},"end":{"line":31,"column":80}},"type":"binary-expr","locations":[{"start":{"line":31,"column":41},"end":{"line":31,"column":50}},{"start":{"line":31,"column":52},"end":{"line":31,"column":80}}],"line":31},"93":{"loc":{"start":{"line":31,"column":134},"end":{"line":31,"column":154}},"type":"binary-expr","locations":[{"start":{"line":31,"column":134},"end":{"line":31,"column":151}},{"start":{"line":31,"column":153},"end":{"line":31,"column":154}}],"line":31},"94":{"loc":{"start":{"line":31,"column":218},"end":{"line":31,"column":273}},"type":"binary-expr","locations":[{"start":{"line":31,"column":218},"end":{"line":31,"column":230}},{"start":{"line":31,"column":232},"end":{"line":31,"column":273}}],"line":31},"95":{"loc":{"start":{"line":31,"column":363},"end":{"line":31,"column":454}},"type":"cond-expr","locations":[{"start":{"line":31,"column":383},"end":{"line":31,"column":447}},{"start":{"line":31,"column":448},"end":{"line":31,"column":454}}],"line":31},"96":{"loc":{"start":{"line":31,"column":383},"end":{"line":31,"column":447}},"type":"binary-expr","locations":[{"start":{"line":31,"column":383},"end":{"line":31,"column":392}},{"start":{"line":31,"column":394},"end":{"line":31,"column":447}}],"line":31},"97":{"loc":{"start":{"line":31,"column":472},"end":{"line":32,"column":32}},"type":"binary-expr","locations":[{"start":{"line":31,"column":472},"end":{"line":31,"column":473}},{"start":{"line":31,"column":475},"end":{"line":31,"column":494}},{"start":{"line":31,"column":497},"end":{"line":32,"column":31}}],"line":31},"98":{"loc":{"start":{"line":31,"column":499},"end":{"line":32,"column":31}},"type":"cond-expr","locations":[{"start":{"line":32,"column":0},"end":{"line":32,"column":16}},{"start":{"line":32,"column":17},"end":{"line":32,"column":31}}],"line":31},"99":{"loc":{"start":{"line":32,"column":176},"end":{"line":32,"column":187}},"type":"binary-expr","locations":[{"start":{"line":32,"column":176},"end":{"line":32,"column":177}},{"start":{"line":32,"column":179},"end":{"line":32,"column":187}}],"line":32},"100":{"loc":{"start":{"line":32,"column":289},"end":{"line":32,"column":337}},"type":"cond-expr","locations":[{"start":{"line":32,"column":304},"end":{"line":32,"column":331}},{"start":{"line":32,"column":333},"end":{"line":32,"column":337}}],"line":32},"101":{"loc":{"start":{"line":32,"column":388},"end":{"line":32,"column":406}},"type":"binary-expr","locations":[{"start":{"line":32,"column":388},"end":{"line":32,"column":394}},{"start":{"line":32,"column":396},"end":{"line":32,"column":406}}],"line":32},"102":{"loc":{"start":{"line":32,"column":461},"end":{"line":32,"column":506}},"type":"binary-expr","locations":[{"start":{"line":32,"column":461},"end":{"line":32,"column":462}},{"start":{"line":32,"column":465},"end":{"line":32,"column":505}}],"line":32},"103":{"loc":{"start":{"line":33,"column":21},"end":{"line":33,"column":30}},"type":"binary-expr","locations":[{"start":{"line":33,"column":21},"end":{"line":33,"column":27}},{"start":{"line":33,"column":29},"end":{"line":33,"column":30}}],"line":33},"104":{"loc":{"start":{"line":33,"column":33},"end":{"line":33,"column":42}},"type":"binary-expr","locations":[{"start":{"line":33,"column":33},"end":{"line":33,"column":39}},{"start":{"line":33,"column":41},"end":{"line":33,"column":42}}],"line":33},"105":{"loc":{"start":{"line":33,"column":70},"end":{"line":33,"column":356}},"type":"if","locations":[{"start":{"line":33,"column":70},"end":{"line":33,"column":356}},{"start":{"line":33,"column":70},"end":{"line":33,"column":356}}],"line":33},"106":{"loc":{"start":{"line":33,"column":73},"end":{"line":33,"column":109}},"type":"binary-expr","locations":[{"start":{"line":33,"column":73},"end":{"line":33,"column":87}},{"start":{"line":33,"column":90},"end":{"line":33,"column":108}}],"line":33},"107":{"loc":{"start":{"line":33,"column":111},"end":{"line":33,"column":135}},"type":"binary-expr","locations":[{"start":{"line":33,"column":111},"end":{"line":33,"column":112}},{"start":{"line":33,"column":115},"end":{"line":33,"column":134}}],"line":33},"108":{"loc":{"start":{"line":33,"column":273},"end":{"line":33,"column":355}},"type":"binary-expr","locations":[{"start":{"line":33,"column":273},"end":{"line":33,"column":276}},{"start":{"line":33,"column":279},"end":{"line":33,"column":354}}],"line":33},"109":{"loc":{"start":{"line":33,"column":360},"end":{"line":33,"column":372}},"type":"binary-expr","locations":[{"start":{"line":33,"column":360},"end":{"line":33,"column":364}},{"start":{"line":33,"column":367},"end":{"line":33,"column":371}}],"line":33},"110":{"loc":{"start":{"line":33,"column":373},"end":{"line":33,"column":385}},"type":"binary-expr","locations":[{"start":{"line":33,"column":373},"end":{"line":33,"column":377}},{"start":{"line":33,"column":380},"end":{"line":33,"column":384}}],"line":33},"111":{"loc":{"start":{"line":33,"column":395},"end":{"line":33,"column":417}},"type":"binary-expr","locations":[{"start":{"line":33,"column":395},"end":{"line":33,"column":396}},{"start":{"line":33,"column":399},"end":{"line":33,"column":416}}],"line":33},"112":{"loc":{"start":{"line":33,"column":428},"end":{"line":33,"column":465}},"type":"binary-expr","locations":[{"start":{"line":33,"column":428},"end":{"line":33,"column":437}},{"start":{"line":33,"column":439},"end":{"line":33,"column":465}}],"line":33},"113":{"loc":{"start":{"line":33,"column":451},"end":{"line":33,"column":464}},"type":"binary-expr","locations":[{"start":{"line":33,"column":451},"end":{"line":33,"column":452}},{"start":{"line":33,"column":454},"end":{"line":33,"column":461}},{"start":{"line":33,"column":463},"end":{"line":33,"column":464}}],"line":33},"114":{"loc":{"start":{"line":42,"column":422},"end":{"line":42,"column":427}},"type":"binary-expr","locations":[{"start":{"line":42,"column":422},"end":{"line":42,"column":423}},{"start":{"line":42,"column":425},"end":{"line":42,"column":427}}],"line":42},"115":{"loc":{"start":{"line":42,"column":430},"end":{"line":42,"column":437}},"type":"binary-expr","locations":[{"start":{"line":42,"column":430},"end":{"line":42,"column":431}},{"start":{"line":42,"column":433},"end":{"line":42,"column":437}}],"line":42},"116":{"loc":{"start":{"line":43,"column":15},"end":{"line":43,"column":27}},"type":"binary-expr","locations":[{"start":{"line":43,"column":15},"end":{"line":43,"column":16}},{"start":{"line":43,"column":18},"end":{"line":43,"column":27}}],"line":43},"117":{"loc":{"start":{"line":43,"column":160},"end":{"line":43,"column":209}},"type":"cond-expr","locations":[{"start":{"line":43,"column":189},"end":{"line":43,"column":200}},{"start":{"line":43,"column":201},"end":{"line":43,"column":209}}],"line":43},"118":{"loc":{"start":{"line":43,"column":210},"end":{"line":43,"column":231}},"type":"binary-expr","locations":[{"start":{"line":43,"column":210},"end":{"line":43,"column":220}},{"start":{"line":43,"column":222},"end":{"line":43,"column":231}}],"line":43},"119":{"loc":{"start":{"line":43,"column":301},"end":{"line":43,"column":328}},"type":"binary-expr","locations":[{"start":{"line":43,"column":302},"end":{"line":43,"column":307}},{"start":{"line":43,"column":309},"end":{"line":43,"column":314}},{"start":{"line":43,"column":317},"end":{"line":43,"column":328}}],"line":43},"120":{"loc":{"start":{"line":43,"column":329},"end":{"line":43,"column":396}},"type":"if","locations":[{"start":{"line":43,"column":329},"end":{"line":43,"column":396}},{"start":{"line":43,"column":329},"end":{"line":43,"column":396}}],"line":43},"121":{"loc":{"start":{"line":43,"column":332},"end":{"line":43,"column":389}},"type":"cond-expr","locations":[{"start":{"line":43,"column":334},"end":{"line":43,"column":359}},{"start":{"line":43,"column":360},"end":{"line":43,"column":389}}],"line":43},"122":{"loc":{"start":{"line":43,"column":360},"end":{"line":43,"column":389}},"type":"binary-expr","locations":[{"start":{"line":43,"column":360},"end":{"line":43,"column":365}},{"start":{"line":43,"column":367},"end":{"line":43,"column":389}}],"line":43},"123":{"loc":{"start":{"line":43,"column":396},"end":{"line":43,"column":472}},"type":"if","locations":[{"start":{"line":43,"column":396},"end":{"line":43,"column":472}},{"start":{"line":43,"column":396},"end":{"line":43,"column":472}}],"line":43},"124":{"loc":{"start":{"line":43,"column":487},"end":{"line":45,"column":93}},"type":"if","locations":[{"start":{"line":43,"column":487},"end":{"line":45,"column":93}},{"start":{"line":43,"column":487},"end":{"line":45,"column":93}}],"line":43},"125":{"loc":{"start":{"line":43,"column":490},"end":{"line":44,"column":10}},"type":"binary-expr","locations":[{"start":{"line":43,"column":491},"end":{"line":43,"column":496}},{"start":{"line":43,"column":498},"end":{"line":43,"column":507}},{"start":{"line":44,"column":0},"end":{"line":44,"column":10}}],"line":43},"126":{"loc":{"start":{"line":44,"column":53},"end":{"line":44,"column":120}},"type":"if","locations":[{"start":{"line":44,"column":53},"end":{"line":44,"column":120}},{"start":{"line":44,"column":53},"end":{"line":44,"column":120}}],"line":44},"127":{"loc":{"start":{"line":44,"column":56},"end":{"line":44,"column":107}},"type":"binary-expr","locations":[{"start":{"line":44,"column":56},"end":{"line":44,"column":73}},{"start":{"line":44,"column":75},"end":{"line":44,"column":86}},{"start":{"line":44,"column":88},"end":{"line":44,"column":107}}],"line":44},"128":{"loc":{"start":{"line":44,"column":120},"end":{"line":45,"column":92}},"type":"if","locations":[{"start":{"line":44,"column":120},"end":{"line":45,"column":92}},{"start":{"line":44,"column":120},"end":{"line":45,"column":92}}],"line":44},"129":{"loc":{"start":{"line":44,"column":166},"end":{"line":44,"column":262}},"type":"if","locations":[{"start":{"line":44,"column":166},"end":{"line":44,"column":262}},{"start":{"line":44,"column":166},"end":{"line":44,"column":262}}],"line":44},"130":{"loc":{"start":{"line":44,"column":192},"end":{"line":44,"column":249}},"type":"binary-expr","locations":[{"start":{"line":44,"column":192},"end":{"line":44,"column":194}},{"start":{"line":44,"column":197},"end":{"line":44,"column":203}},{"start":{"line":44,"column":206},"end":{"line":44,"column":223}},{"start":{"line":44,"column":226},"end":{"line":44,"column":248}}],"line":44},"131":{"loc":{"start":{"line":44,"column":250},"end":{"line":44,"column":261}},"type":"binary-expr","locations":[{"start":{"line":44,"column":250},"end":{"line":44,"column":251}},{"start":{"line":44,"column":254},"end":{"line":44,"column":260}}],"line":44},"132":{"loc":{"start":{"line":44,"column":262},"end":{"line":44,"column":459}},"type":"if","locations":[{"start":{"line":44,"column":262},"end":{"line":44,"column":459}},{"start":{"line":44,"column":262},"end":{"line":44,"column":459}}],"line":44},"133":{"loc":{"start":{"line":44,"column":331},"end":{"line":44,"column":458}},"type":"binary-expr","locations":[{"start":{"line":44,"column":332},"end":{"line":44,"column":431}},{"start":{"line":44,"column":434},"end":{"line":44,"column":458}}],"line":44},"134":{"loc":{"start":{"line":44,"column":334},"end":{"line":44,"column":431}},"type":"cond-expr","locations":[{"start":{"line":44,"column":336},"end":{"line":44,"column":348}},{"start":{"line":44,"column":349},"end":{"line":44,"column":431}}],"line":44},"135":{"loc":{"start":{"line":44,"column":349},"end":{"line":44,"column":431}},"type":"cond-expr","locations":[{"start":{"line":
[...]
ine":82,"column":6},"end":{"line":85,"column":7}},{"start":{"line":82,"column":6},"end":{"line":85,"column":7}}],"line":82},"17":{"loc":{"start":{"line":84,"column":8},"end":{"line":84,"column":44}},"type":"if","locations":[{"start":{"line":84,"column":8},"end":{"line":84,"column":44}},{"start":{"line":84,"column":8},"end":{"line":84,"column":44}}],"line":84},"18":{"loc":{"start":{"line":96,"column":4},"end":{"line":96,"column":54}},"type":"if","locations":[{"start":{"line":96,"column":4},"end":{"line":96,"column":54}},{"start":{"line":96,"column":4},"end":{"line":96,"column":54}}],"line":96},"19":{"loc":{"start":{"line":100,"column":6},"end":{"line":100,"column":38}},"type":"if","locations":[{"start":{"line":100,"column":6},"end":{"line":100,"column":38}},{"start":{"line":100,"column":6},"end":{"line":100,"column":38}}],"line":100},"20":{"loc":{"start":{"line":104,"column":4},"end":{"line":107,"column":5}},"type":"if","locations":[{"start":{"line":104,"column":4},"end":{"line":107,"column":5}},{"start":{"line":104,"column":4},"end":{"line":107,"column":5}}],"line":104}},"s":{"0":0,"1":0,"2":0,"3":0,"4":0,"5":0,"6":0,"7":0,"8":0,"9":0,"10":0,"11":0,"12":0,"13":0,"14":0,"15":0,"16":0,"17":0,"18":0,"19":0,"20":0,"21":0,"22":0,"23":0,"24":0,"25":0,"26":0,"27":0,"28":0,"29":0,"30":0,"31":0,"32":0,"33":0,"34":0,"35":0,"36":0,"37":0,"38":0,"39":0,"40":0,"41":0,"42":0,"43":0,"44":0,"45":0,"46":0,"47":0,"48":0,"49":0,"50":0,"51":0,"52":0,"53":0,"54":0,"55":0,"56":0,"57":0,"58":0,"59":0,"60":0,"61":0,"62":0,"63":0,"64":0,"65":0,"66":0,"67":0,"68":0,"69":0,"70":0,"71":0,"72":0,"73":0,"74":0,"75":0,"76":0,"77":0,"78":0,"79":0,"80":0,"81":0,"82":0},"f":{"0":0,"1":0,"2":0,"3":0,"4":0,"5":0},"b":{"0":[0,0],"1":[0,0],"2":[0,0],"3":[0,0],"4":[0,0],"5":[0,0],"6":[0,0],"7":[0,0],"8":[0,0],"9":[0,0],"10":[0,0],"11":[0,0],"12":[0,0],"13":[0,0],"14":[0,0],"15":[0,0],"16":[0,0],"17":[0,0],"18":[0,0],"19":[0,0],"20":[0,0]}},"C:\\Users\\Emmanuel\\Desktop\\hackerbay\\Round one\\docs\\script\\test-summary.js":{"path":"C:\\Users\\Emmanuel\\Desktop\\hackerbay\\Round one\\docs\\script\\test-summary.js","statementMap":{"0":{"start":{"line":1,"column":0},"end":{"line":54,"column":5}},"1":{"start":{"line":3,"column":17},"end":{"line":3,"column":26}},"2":{"start":{"line":4,"column":17},"end":{"line":4,"column":40}},"3":{"start":{"line":5,"column":4},"end":{"line":8,"column":5}},"4":{"start":{"line":6,"column":6},"end":{"line":6,"column":88}},"5":{"start":{"line":6,"column":82},"end":{"line":6,"column":88}},"6":{"start":{"line":7,"column":6},"end":{"line":7,"column":36}},"7":{"start":{"line":10,"column":4},"end":{"line":10,"column":24}},"8":{"start":{"line":10,"column":17},"end":{"line":10,"column":24}},"9":{"start":{"line":13,"column":4},"end":{"line":21,"column":5}},"10":{"start":{"line":14,"column":6},"end":{"line":14,"column":40}},"11":{"start":{"line":15,"column":6},"end":{"line":15,"column":37}},"12":{"start":{"line":16,"column":6},"end":{"line":16,"column":27}},"13":{"start":{"line":18,"column":6},"end":{"line":18,"column":40}},"14":{"start":{"line":19,"column":6},"end":{"line":19,"column":37}},"15":{"start":{"line":20,"column":6},"end":{"line":20,"column":27}},"16":{"start":{"line":23,"column":22},"end":{"line":23,"column":64}},"17":{"start":{"line":24,"column":22},"end":{"line":24,"column":47}},"18":{"start":{"line":25,"column":4},"end":{"line":42,"column":5}},"19":{"start":{"line":26,"column":18},"end":{"line":26,"column":61}},"20":{"start":{"line":27,"column":6},"end":{"line":40,"column":7}},"21":{"start":{"line":28,"column":8},"end":{"line":37,"column":9}},"22":{"start":{"line":29,"column":10},"end":{"line":29,"column":69}},"23":{"start":{"line":29,"column":38},"end":{"line":29,"column":69}},"24":{"start":{"line":30,"column":15},"end":{"line":37,"column":9}},"25":{"start":{"line":31,"column":10},"end":{"line":31,"column":45}},"26":{"start":{"line":32,"column":28},"end":{"line":32,"column":64}},"27":{"start":{"line":33,"column":10},"end":{"line":36,"column":11}},"28":{"start":{"line":34,"column":12},"end":{"line":34,"column":51}},"29":{"start":{"line":35,"column":12},"end":{"line":35,"column":48}},"30":{"start":{"line":39,"column":8},"end":{"line":39,"column":14}},"31":{"start":{"line":41,"column":6},"end":{"line":41,"column":51}},"32":{"start":{"line":45,"column":16},"end":{"line":45,"column":84}},"33":{"start":{"line":46,"column":2},"end":{"line":48,"column":3}},"34":{"start":{"line":46,"column":15},"end":{"line":46,"column":16}},"35":{"start":{"line":47,"column":4},"end":{"line":47,"column":49}},"36":{"start":{"line":50,"column":21},"end":{"line":50,"column":87}},"37":{"start":{"line":51,"column":2},"end":{"line":53,"column":3}},"38":{"start":{"line":51,"column":15},"end":{"line":51,"column":16}},"39":{"start":{"line":52,"column":4},"end":{"line":52,"column":39}}},"fnMap":{"0":{"name":"(anonymous_0)","decl":{"start":{"line":1,"column":1},"end":{"line":1,"column":2}},"loc":{"start":{"line":1,"column":11},"end":{"line":54,"column":1}},"line":1},"1":{"name":"toggle","decl":{"start":{"line":2,"column":11},"end":{"line":2,"column":17}},"loc":{"start":{"line":2,"column":22},"end":{"line":43,"column":3}},"line":2}},"branchMap":{"0":{"loc":{"start":{"line":6,"column":6},"end":{"line":6,"column":88}},"type":"if","locations":[{"start":{"line":6,"column":6},"end":{"line":6,"column":88}},{"start":{"line":6,"column":6},"end":{"line":6,"column":88}}],"line":6},"1":{"loc":{"start":{"line":6,"column":10},"end":{"line":6,"column":80}},"type":"binary-expr","locations":[{"start":{"line":6,"column":10},"end":{"line":6,"column":33}},{"start":{"line":6,"column":37},"end":{"line":6,"column":80}}],"line":6},"2":{"loc":{"start":{"line":10,"column":4},"end":{"line":10,"column":24}},"type":"if","locations":[{"start":{"line":10,"column":4},"end":{"line":10,"column":24}},{"start":{"line":10,"column":4},"end":{"line":10,"column":24}}],"line":10},"3":{"loc":{"start":{"line":13,"column":4},"end":{"line":21,"column":5}},"type":"if","locations":[{"start":{"line":13,"column":4},"end":{"line":21,"column":5}},{"start":{"line":13,"column":4},"end":{"line":21,"column":5}}],"line":13},"4":{"loc":{"start":{"line":27,"column":6},"end":{"line":40,"column":7}},"type":"if","locations":[{"start":{"line":27,"column":6},"end":{"line":40,"column":7}},{"start":{"line":27,"column":6},"end":{"line":40,"column":7}}],"line":27},"5":{"loc":{"start":{"line":28,"column":8},"end":{"line":37,"column":9}},"type":"if","locations":[{"start":{"line":28,"column":8},"end":{"line":37,"column":9}},{"start":{"line":28,"column":8},"end":{"line":37,"column":9}}],"line":28},"6":{"loc":{"start":{"line":29,"column":10},"end":{"line":29,"column":69}},"type":"if","locations":[{"start":{"line":29,"column":10},"end":{"line":29,"column":69}},{"start":{"line":29,"column":10},"end":{"line":29,"column":69}}],"line":29},"7":{"loc":{"start":{"line":30,"column":15},"end":{"line":37,"column":9}},"type":"if","locations":[{"start":{"line":30,"column":15},"end":{"line":37,"column":9}},{"start":{"line":30,"column":15},"end":{"line":37,"column":9}}],"line":30},"8":{"loc":{"start":{"line":33,"column":10},"end":{"line":36,"column":11}},"type":"if","locations":[{"start":{"line":33,"column":10},"end":{"line":36,"column":11}},{"start":{"line":33,"column":10},"end":{"line":36,"column":11}}],"line":33},"9":{"loc":{"start":{"line":33,"column":14},"end":{"line":33,"column":69}},"type":"binary-expr","locations":[{"start":{"line":33,"column":14},"end":{"line":33,"column":25}},{"start":{"line":33,"column":29},"end":{"line":33,"column":69}}],"line":33}},"s":{"0":0,"1":0,"2":0,"3":0,"4":0,"5":0,"6":0,"7":0,"8":0,"9":0,"10":0,"11":0,"12":0,"13":0,"14":0,"15":0,"16":0,"17":0,"18":0,"19":0,"20":0,"21":0,"22":0,"23":0,"24":0,"25":0,"26":0,"27":0,"28":0,"29":0,"30":0,"31":0,"32":0,"33":0,"34":0,"35":0,"36":0,"37":0,"38":0,"39":0},"f":{"0":0,"1":0},"b":{"0":[0,0],"1":[0,0],"2":[0,0],"3":[0,0],"4":[0,0],"5":[0,0],"6":[0,0],"7":[0,0],"8":[0,0],"9":[0,0]}},"C:\\Users\\Emmanuel\\Desktop\\hackerbay\\Round one\\helperFunc.js":{"path":"C:\\Users\\Emmanuel\\Desktop\\hackerbay\\Round one\\helperFunc.js","statementMap":{"0":{"start":{"line":1,"column":12},"end":{"line":1,"column":35}},"1":{"start":{"line":2,"column":18},"end":{"line":2,"column":44}},"2":{"start":{"line":3,"column":13},"end":{"line":3,"column":28}},"3":{"start":{"line":4,"column":16},"end":{"line":4,"column":34}},"4":{"start":{"line":5,"column":11},"end":{"line":5,"column":24}},"5":{"start":{"line":6,"column":14},"end":{"line":6,"column":30}},"6":{"start":{"line":8,"column":0},"end":{"line":73,"column":2}},"7":{"start":{"line":15,"column":8},"end":{"line":15,"column":69}},"8":{"start":{"line":26,"column":8},"end":{"line":30,"column":9}},"9":{"start":{"line":27,"column":12},"end":{"line":27,"column":69}},"10":{"start":{"line":29,"column":12},"end":{"line":29,"column":73}},"11":{"start":{"line":40,"column":8},"end":{"line":42,"column":9}},"12":{"start":{"line":41,"column":12},"end":{"line":41,"column":25}},"13":{"start":{"line":43,"column":8},"end":{"line":43,"column":20}},"14":{"start":{"line":53,"column":8},"end":{"line":57,"column":135}},"15":{"start":{"line":55,"column":34},"end":{"line":55,"column":47}},"16":{"start":{"line":57,"column":31},"end":{"line":57,"column":133}},"17":{"start":{"line":67,"column":8},"end":{"line":71,"column":15}},"18":{"start":{"line":70,"column":16},"end":{"line":70,"column":130}}},"fnMap":{"0":{"name":"(anonymous_0)","decl":{"start":{"line":14,"column":4},"end":{"line":14,"column":5}},"loc":{"start":{"line":14,"column":28},"end":{"line":16,"column":5}},"line":14},"1":{"name":"(anonymous_1)","decl":{"start":{"line":25,"column":4},"end":{"line":25,"column":5}},"loc":{"start":{"line":25,"column":32},"end":{"line":31,"column":5}},"line":25},"2":{"name":"(anonymous_2)","decl":{"start":{"line":39,"column":4},"end":{"line":39,"column":5}},"loc":{"start":{"line":39,"column":31},"end":{"line":44,"column":5}},"line":39},"3":{"name":"(anonymous_3)","decl":{"start":{"line":52,"column":4},"end":{"line":52,"column":5}},"loc":{"start":{"line":52,"column":38},"end":{"line":58,"column":5}},"line":52},"4":{"name":"(anonymous_4)","decl":{"start":{"line":55,"column":25},"end":{"line":55,"column":26}},"loc":{"start":{"line":55,"column":34},"end":{"line":55,"column":47}},"line":55},"5":{"name":"(anonymous_5)","decl":{"start":{"line":57,"column":25},"end":{"line":57,"column":26}},"loc":{"start":{"line":57,"column":31},"end":{"line":57,"column":133}},"line":57},"6":{"name":"(anonymous_6)","decl":{"start":{"line":66,"column":4},"end":{"line":66,"column":5}},"loc":{"start":{"line":66,"column":36},"end":{"line":72,"column":5}},"line":66},"7":{"name":"(anonymous_7)","decl":{"start":{"line":69,"column":112},"end":{"line":69,"column":113}},"loc":{"start":{"line":69,"column":118},"end":{"line":71,"column":13}},"line":69}},"branchMap":{"0":{"loc":{"start":{"line":26,"column":8},"end":{"line":30,"column":9}},"type":"if","locations":[{"start":{"line":26,"column":8},"end":{"line":30,"column":9}},{"start":{"line":26,"column":8},"end":{"line":30,"column":9}}],"line":26},"1":{"loc":{"start":{"line":40,"column":8},"end":{"line":42,"column":9}},"type":"if","locations":[{"start":{"line":40,"column":8},"end":{"line":42,"column":9}},{"start":{"line":40,"column":8},"end":{"line":42,"column":9}}],"line":40}},"s":{"0":0,"1":0,"2":0,"3":0,"4":0,"5":0,"6":0,"7":0,"8":0,"9":0,"10":0,"11":0,"12":0,"13":0,"14":0,"15":0,"16":0,"17":0,"18":0},"f":{"0":0,"1":0,"2":0,"3":0,"4":0,"5":0,"6":0,"7":0},"b":{"0":[0,0],"1":[0,0]}},"C:\\Users\\Emmanuel\\Desktop\\hackerbay\\Round one\\logger.js":{"path":"C:\\Users\\Emmanuel\\Desktop\\hackerbay\\Round one\\logger.js","statementMap":{"0":{"start":{"line":1,"column":16},"end":{"line":1,"column":34}},"1":{"start":{"line":2,"column":15},"end":{"line":10,"column":2}},"2":{"start":{"line":12,"column":0},"end":{"line":16,"column":1}},"3":{"start":{"line":13,"column":4},"end":{"line":15,"column":8}},"4":{"start":{"line":18,"column":0},"end":{"line":18,"column":24}}},"fnMap":{},"branchMap":{"0":{"loc":{"start":{"line":12,"column":0},"end":{"line":16,"column":1}},"type":"if","locations":[{"start":{"line":12,"column":0},"end":{"line":16,"column":1}},{"start":{"line":12,"column":0},"end":{"line":16,"column":1}}],"line":12}},"s":{"0":0,"1":0,"2":0,"3":0,"4":0},"f":{},"b":{"0":[0,0]}},"C:\\Users\\Emmanuel\\Desktop\\hackerbay\\Round one\\router.js":{"path":"C:\\Users\\Emmanuel\\Desktop\\hackerbay\\Round one\\router.js","statementMap":{"0":{"start":{"line":2,"column":16},"end":{"line":2,"column":39}},"1":{"start":{"line":3,"column":13},"end":{"line":3,"column":30}},"2":{"start":{"line":4,"column":15},"end":{"line":4,"column":34}},"3":{"start":{"line":12,"column":15},"end":{"line":57,"column":1}},"4":{"start":{"line":13,"column":4},"end":{"line":21,"column":11}},"5":{"start":{"line":15,"column":41},"end":{"line":15,"column":49}},"6":{"start":{"line":16,"column":12},"end":{"line":18,"column":13}},"7":{"start":{"line":17,"column":16},"end":{"line":17,"column":61}},"8":{"start":{"line":19,"column":26},"end":{"line":19,"column":57}},"9":{"start":{"line":20,"column":12},"end":{"line":20,"column":80}},"10":{"start":{"line":23,"column":4},"end":{"line":33,"column":11}},"11":{"start":{"line":25,"column":38},"end":{"line":25,"column":46}},"12":{"start":{"line":26,"column":12},"end":{"line":28,"column":13}},"13":{"start":{"line":27,"column":16},"end":{"line":27,"column":61}},"14":{"start":{"line":29,"column":32},"end":{"line":29,"column":67}},"15":{"start":{"line":30,"column":33},"end":{"line":30,"column":49}},"16":{"start":{"line":31,"column":26},"end":{"line":31,"column":57}},"17":{"start":{"line":32,"column":12},"end":{"line":32,"column":93}},"18":{"start":{"line":35,"column":4},"end":{"line":54,"column":11}},"19":{"start":{"line":37,"column":28},"end":{"line":37,"column":36}},"20":{"start":{"line":38,"column":12},"end":{"line":40,"column":13}},"21":{"start":{"line":39,"column":16},"end":{"line":39,"column":61}},"22":{"start":{"line":42,"column":12},"end":{"line":53,"column":15}},"23":{"start":{"line":43,"column":16},"end":{"line":46,"column":17}},"24":{"start":{"line":44,"column":20},"end":{"line":44,"column":45}},"25":{"start":{"line":45,"column":20},"end":{"line":45,"column":72}},"26":{"start":{"line":47,"column":16},"end":{"line":52,"column":19}},"27":{"start":{"line":48,"column":20},"end":{"line":51,"column":21}},"28":{"start":{"line":49,"column":24},"end":{"line":49,"column":49}},"29":{"start":{"line":50,"column":24},"end":{"line":50,"column":55}},"30":{"start":{"line":56,"column":4},"end":{"line":56,"column":18}},"31":{"start":{"line":59,"column":0},"end":{"line":59,"column":24}}},"fnMap":{"0":{"name":"(anonymous_0)","decl":{"start":{"line":12,"column":15},"end":{"line":12,"column":16}},"loc":{"start":{"line":12,"column":27},"end":{"line":57,"column":1}},"line":12},"1":{"name":"(anonymous_1)","decl":{"start":{"line":14,"column":14},"end":{"line":14,"column":15}},"loc":{"start":{"line":14,"column":28},"end":{"line":21,"column":9}},"line":14},"2":{"name":"(anonymous_2)","decl":{"start":{"line":24,"column":21},"end":{"line":24,"column":22}},"loc":{"start":{"line":24,"column":35},"end":{"line":33,"column":9}},"line":24},"3":{"name":"(anonymous_3)","decl":{"start":{"line":36,"column":20},"end":{"line":36,"column":21}},"loc":{"start":{"line":36,"column":34},"end":{"line":54,"column":9}},"line":36},"4":{"name":"(anonymous_4)","decl":{"start":{"line":42,"column":39},"end":{"line":42,"column":40}},"loc":{"start":{"line":42,"column":55},"end":{"line":53,"column":13}},"line":42},"5":{"name":"(anonymous_5)","decl":{"start":{"line":47,"column":43},"end":{"line":47,"column":44}},"loc":{"start":{"line":47,"column":58},"end":{"line":52,"column":17}},"line":47}},"branchMap":{"0":{"loc":{"start":{"line":16,"column":12},"end":{"line":18,"column":13}},"type":"if","locations":[{"start":{"line":16,"column":12},"end":{"line":18,"column":13}},{"start":{"line":16,"column":12},"end":{"line":18,"column":13}}],"line":16},"1":{"loc":{"start":{"line":16,"column":15},"end":{"line":16,"column":37}},"type":"binary-expr","locations":[{"start":{"line":16,"column":15},"end":{"line":16,"column":24}},{"start":{"line":16,"column":28},"end":{"line":16,"column":37}}],"line":16},"2":{"loc":{"start":{"line":26,"column":12},"end":{"line":28,"column":13}},"type":"if","locations":[{"start":{"line":26,"column":12},"end":{"line":28,"column":13}},{"start":{"line":26,"column":12},"end":{"line":28,"column":13}}],"line":26},"3":{"loc":{"start":{"line":26,"column":15},"end":{"line":26,"column":97}},"type":"binary-expr","locations":[{"start":{"line":26,"column":15},"end":{"line":26,"column":24}},{"start":{"line":26,"column":28},"end":{"line":26,"column":57}},{"start":{"line":26,"column":61},"end":{"line":26,"column":67}},{"start":{"line":26,"column":71},"end":{"line":26,"column":97}}],"line":26},"4":{"loc":{"start":{"line":38,"column":12},"end":{"line":40,"column":13}},"type":"if","locations":[{"start":{"line":38,"column":12},"end":{"line":40,"column":13}},{"start":{"line":38,"column":12},"end":{"line":40,"column":13}}],"line":38},"5":{"loc":{"start":{"line":38,"column":15},"end":{"line":38,"column":53}},"type":"binary-expr","locations":[{"start":{"line":38,"column":15},"end":{"line":38,"column":19}},{"start":{"line":38,"column":23},"end":{"line":38,"column":53}}],"line":38},"6":{"loc":{"start":{"line":43,"column":16},"end":{"line":46,"column":17}},"type":"if","locations":[{"start":{"line":43,"column":16},"end":{"line":46,"column":17}},{"start":{"line":43,"column":16},"end":{"line":46,"column":17}}],"line":43},"7":{"loc":{"start":{"line":48,"column":20},"end":{"line":51,"column":21}},"type":"if","locations":[{"start":{"line":48,"column":20},"end":{"line":51,"column":21}},{"start":{"line":48,"column":20},"end":{"line":51,"column":21}}],"line":48}},"s":{"0":0,"1":0,"2":0,"3":0,"4":0,"5":0,"6":0,"7":0,"8":0,"9":0,"10":0,"11":0,"12":0,"13":0,"14":0,"15":0,"16":0,"17":0,"18":0,"19":0,"20":0,"21":0,"22":0,"23":0,"24":0,"25":0,"26":0,"27":0,"28":0,"29":0,"30":0,"31":0},"f":{"0":0,"1":0,"2":0,"3":0,"4":0,"5":0},"b":{"0":[0,0],"1":[0,0],"2":[0,0],"3":[0,0,0,0],"4":[0,0],"5":[0,0],"6":[0,0],"7":[0,0]}},"C:\\Users\\Emmanuel\\Desktop\\hackerbay\\Round one\\server.js":{"path":"C:\\Users\\Emmanuel\\Desktop\\hackerbay\\Round one\\server.js","statementMap":{"0":{"start":{"line":2,"column":16},"end":{"line":2,"column":34}},"1":{"start":{"line":5,"column":15},"end":{"line":5,"column":34}},"2":{"start":{"line":6,"column":15},"end":{"line":6,"column":34}},"3":{"start":{"line":9,"column":15},"end":{"line":9,"column":31}},"4":{"start":{"line":10,"column":12},"end":{"line":10,"column":21}},"5":{"start":{"line":11,"column":13},"end":{"line":11,"column":37}},"6":{"start":{"line":14,"column":0},"end":{"line":14,"column":49}},"7":{"start":{"line":15,"column":0},"end":{"line":15,"column":24}},"8":{"start":{"line":16,"column":0},"end":{"line":16,"column":24}},"9":{"start":{"line":17,"column":0},"end":{"line":17,"column":62}},"10":{"start":{"line":17,"column":27},"end":{"line":17,"column":60}},"11":{"start":{"line":20,"column":0},"end":{"line":23,"column":4}},"12":{"start":{"line":20,"column":23},"end":{"line":23,"column":2}}},"fnMap":{"0":{"name":"(anonymous_0)","decl":{"start":{"line":17,"column":14},"end":{"line":17,"column":15}},"loc":{"start":{"line":17,"column":27},"end":{"line":17,"column":60}},"line":17},"1":{"name":"(anonymous_1)","decl":{"start":{"line":20,"column":17},"end":{"line":20,"column":18}},"loc":{"start":{"line":20,"column":23},"end":{"line":23,"column":2}},"line":20}},"branchMap":{"0":{"loc":{"start":{"line":11,"column":13},"end":{"line":11,"column":37}},"type":"binary-expr","locations":[{"start":{"line":11,"column":13},"end":{"line":11,"column":29}},{"start":{"line":11,"column":33},"end":{"line":11,"column":37}}],"line":11}},"s":{"0":0,"1":0,"2":0,"3":0,"4":0,"5":0,"6":0,"7":0,"8":0,"9":0,"10":0,"11":0,"12":0},"f":{"0":0,"1":0},"b":{"0":[0,0]}}}