TN:
SF:C:\Users\Emmanuel\Desktop\hackerbay\Round one\auth.js
FN:12,(anonymous_0)
FN:18,(anonymous_1)
FNF:2
FNH:0
FNDA:0,(anonymous_0)
FNDA:0,(anonymous_1)
DA:1,0
DA:12,0
DA:13,0
DA:14,0
DA:15,0
DA:18,0
DA:19,0
DA:20,0
DA:22,0
DA:23,0
LF:10
LH:0
BRDA:14,0,0,0
BRDA:14,0,1,0
BRDA:19,1,0,0
BRDA:19,1,1,0
BRDA:19,2,0,0
BRDA:19,2,1,0
BRF:6
BRH:0
end_of_record
TN:
SF:C:\Users\Emmanuel\Desktop\hackerbay\Round one\helperFunc.js
FN:14,(anonymous_0)
FN:25,(anonymous_1)
FN:39,(anonymous_2)
FN:52,(anonymous_3)
FN:55,(anonymous_4)
FN:57,(anonymous_5)
FN:66,(anonymous_6)
FN:69,(anonymous_7)
FNF:8
FNH:7
FNDA:1,(anonymous_0)
FNDA:1,(anonymous_1)
FNDA:2,(anonymous_2)
FNDA:1,(anonymous_3)
FNDA:0,(anonymous_4)
FNDA:1,(anonymous_5)
FNDA:1,(anonymous_6)
FNDA:1,(anonymous_7)
DA:1,1
DA:2,1
DA:3,1
DA:4,1
DA:5,1
DA:6,1
DA:8,1
DA:15,1
DA:26,1
DA:27,1
DA:29,0
DA:40,2
DA:41,1
DA:43,1
DA:53,1
DA:55,0
DA:57,1
DA:67,1
DA:70,1
LF:19
LH:17
BRDA:26,0,0,1
BRDA:26,0,1,0
BRDA:40,1,0,1
BRDA:40,1,1,1
BRF:4
BRH:3
end_of_record
TN:
SF:C:\Users\Emmanuel\Desktop\hackerbay\Round one\logger.js
FNF:0
FNH:0
DA:1,0
DA:2,0
DA:12,0
DA:13,0
DA:18,0
LF:5
LH:0
BRDA:12,0,0,0
BRDA:12,0,1,0
BRF:2
BRH:0
end_of_record
TN:
SF:C:\Users\Emmanuel\Desktop\hackerbay\Round one\router.js
FN:12,(anonymous_0)
FN:14,(anonymous_1)
FN:24,(anonymous_2)
FN:36,(anonymous_3)
FN:42,(anonymous_4)
FN:47,(anonymous_5)
FNF:6
FNH:0
FNDA:0,(anonymous_0)
FNDA:0,(anonymous_1)
FNDA:0,(anonymous_2)
FNDA:0,(anonymous_3)
FNDA:0,(anonymous_4)
FNDA:0,(anonymous_5)
DA:2,0
DA:3,0
DA:4,0
DA:12,0
DA:13,0
DA:15,0
DA:16,0
DA:17,0
DA:19,0
DA:20,0
DA:23,0
DA:25,0
DA:26,0
DA:27,0
DA:29,0
DA:30,0
DA:31,0
DA:32,0
DA:35,0
DA:37,0
DA:38,0
DA:39,0
DA:42,0
DA:43,0
DA:44,0
DA:45,0
DA:47,0
DA:48,0
DA:49,0
DA:50,0
DA:56,0
DA:59,0
LF:32
LH:0
BRDA:16,0,0,0
BRDA:16,0,1,0
BRDA:16,1,0,0
BRDA:16,1,1,0
BRDA:26,2,0,0
BRDA:26,2,1,0
BRDA:26,3,0,0
BRDA:26,3,1,0
BRDA:26,3,2,0
BRDA:26,3,3,0
BRDA:38,4,0,0
BRDA:38,4,1,0
BRDA:38,5,0,0
BRDA:38,5,1,0
BRDA:43,6,0,0
BRDA:43,6,1,0
BRDA:48,7,0,0
BRDA:48,7,1,0
BRF:18
BRH:0
end_of_record
TN:
SF:C:\Users\Emmanuel\Desktop\hackerbay\Round one\server.js
FN:17,(anonymous_0)
FN:20,(anonymous_1)
FNF:2
FNH:0
FNDA:0,(anonymous_0)
FNDA:0,(anonymous_1)
DA:2,0
DA:5,0
DA:6,0
DA:9,0
DA:10,0
DA:11,0
DA:14,0
DA:15,0
DA:16,0
DA:17,0
DA:20,0
LF:11
LH:0
BRDA:11,0,0,0
BRDA:11,0,1,0
BRF:2
BRH:0
end_of_record
TN:
SF:C:\Users\Emmanuel\Desktop\hackerbay\Round one\docs\script\inherited-summary.js
FN:1,(anonymous_0)
FN:2,toggle
FNF:2
FNH:0
FNDA:0,(anonymous_0)
FNDA:0,toggle
DA:1,0
DA:3,0
DA:4,0
DA:5,0
DA:6,0
DA:7,0
DA:10,0
DA:12,0
DA:13,0
DA:14,0
DA:15,0
DA:16,0
DA:18,0
DA:19,0
DA:20,0
DA:24,0
DA:25,0
DA:26,0
LF:18
LH:0
BRDA:6,0,0,0
BRDA:6,0,1,0
BRDA:6,1,0,0
BRDA:6,1,1,0
BRDA:10,2,0,0
BRDA:10,2,1,0
BRDA:13,3,0,0
BRDA:13,3,1,0
BRF:8
BRH:0
end_of_record
TN:
SF:C:\Users\Emmanuel\Desktop\hackerbay\Round one\docs\script\inner-link.js
FN:3,(anonymous_0)
FN:7,adjust
FN:25,(anonymous_2)
FNF:3
FNH:0
FNDA:0,(anonymous_0)
FNDA:0,adjust
FNDA:0,(anonymous_2)
DA:3,0
DA:4,0
DA:5,0
DA:8,0
DA:9,0
DA:10,0
DA:13,0
DA:14,0
DA:15,0
DA:18,0
DA:20,0
DA:21,0
DA:25,0
DA:26,0
DA:27,0
DA:28,0
DA:29,0
DA:30,0
LF:18
LH:0
BRDA:5,0,0,0
BRDA:5,0,1,0
BRDA:10,1,0,0
BRDA:10,1,1,0
BRDA:15,2,0,0
BRDA:15,2,1,0
BRDA:20,3,0,0
BRDA:20,3,1,0
BRF:8
BRH:0
end_of_record
TN:
SF:C:\Users\Emmanuel\Desktop\hackerbay\Round one\docs\script\manual.js
FN:1,(anonymous_0)
FNF:1
FNH:0
FNDA:0,(anonymous_0)
DA:1,0
DA:2,0
DA:3,0
DA:5,0
DA:6,0
DA:7,0
DA:8,0
DA:9,0
DA:10,0
DA:11,0
LF:10
LH:0
BRDA:3,0,0,0
BRDA:3,0,1,0
BRF:2
BRH:0
end_of_record
TN:
SF:C:\Users\Emmanuel\Desktop\hackerbay\Round one\docs\script\patch-for-local.js
FN:1,(anonymous_0)
FNF:1
FNH:0
FNDA:0,(anonymous_0)
DA:1,0
DA:2,0
DA:3,0
DA:4,0
DA:5,0
LF:5
LH:0
BRDA:2,0,0,0
BRDA:2,0,1,0
BRF:2
BRH:0
end_of_record
TN:
SF:C:\Users\Emmanuel\Desktop\hackerbay\Round one\docs\script\pretty-print.js
FN:1,(anonymous_0)
FNF:1
FNH:0
FNDA:0,(anonymous_0)
DA:1,0
DA:2,0
DA:3,0
DA:4,0
DA:5,0
DA:8,0
DA:9,0
DA:10,0
DA:11,0
DA:12,0
DA:13,0
DA:14,0
DA:16,0
DA:19,0
DA:21,0
DA:22,0
DA:23,0
LF:17
LH:0
BRDA:9,0,0,0
BRDA:9,0,1,0
BRDA:19,1,0,0
BRDA:19,1,1,0
BRDA:23,2,0,0
BRDA:23,2,1,0
BRF:6
BRH:0
end_of_record
TN:
SF:C:\Users\Emmanuel\Desktop\hackerbay\Round one\docs\script\search.js
FN:1,(anonymous_0)
FN:10,(anonymous_1)
FN:16,(anonymous_2)
FN:50,(anonymous_3)
FN:94,(anonymous_4)
FN:111,(anonymous_5)
FNF:6
FNH:0
FNDA:0,(anonymous_0)
FNDA:0,(anonymous_1)
FNDA:0,(anonymous_2)
FNDA:0,(anonymous_3)
FNDA:0,(anonymous_4)
FNDA:0,(anonymous_5)
DA:1,0
DA:2,0
DA:3,0
DA:4,0
DA:5,0
DA:6,0
DA:10,0
DA:11,0
DA:12,0
DA:16,0
DA:17,0
DA:18,0
DA:19,0
DA:20,0
DA:21,0
DA:24,0
DA:25,0
DA:27,0
DA:28,0
DA:30,0
DA:31,0
DA:32,0
DA:33,0
DA:34,0
DA:38,0
DA:39,0
DA:40,0
DA:41,0
DA:42,0
DA:44,0
DA:45,0
DA:46,0
DA:50,0
DA:51,0
DA:53,0
DA:54,0
DA:55,0
DA:56,0
DA:57,0
DA:60,0
DA:61,0
DA:62,0
DA:63,0
DA:65,0
DA:67,0
DA:68,0
DA:69,0
DA:70,0
DA:71,0
DA:74,0
DA:75,0
DA:76,0
DA:77,0
DA:79,0
DA:81,0
DA:82,0
DA:83,0
DA:84,0
DA:87,0
DA:90,0
DA:94,0
DA:95,0
DA:96,0
DA:98,0
DA:99,0
DA:100,0
DA:101,0
DA:104,0
DA:105,0
DA:106,0
DA:111,0
DA:112,0
DA:113,0
DA:114,0
LF:74
LH:0
BRDA:18,0,0,0
BRDA:18,0,1,0
BRDA:24,1,0,0
BRDA:24,1,1,0
BRDA:32,2,0,0
BRDA:32,2,1,0
BRDA:41,3,0,0
BRDA:41,3,1,0
BRDA:45,4,0,0
BRDA:45,4,1,0
BRDA:51,5,0,0
BRDA:51,5,1,0
BRDA:55,6,0,0
BRDA:55,6,1,0
BRDA:55,7,0,0
BRDA:55,7,1,0
BRDA:60,8,0,0
BRDA:60,8,1,0
BRDA:61,9,0,0
BRDA:61,9,1,0
BRDA:65,10,0,0
BRDA:65,10,1,0
BRDA:69,11,0,0
BRDA:69,11,1,0
BRDA:69,12,0,0
BRDA:69,12,1,0
BRDA:74,13,0,0
BRDA:74,13,1,0
BRDA:75,14,0,0
BRDA:75,14,1,0
BRDA:79,15,0,0
BRDA:79,15,1,0
BRDA:82,16,0,0
BRDA:82,16,1,0
BRDA:84,17,0,0
BRDA:84,17,1,0
BRDA:96,18,0,0
BRDA:96,18,1,0
BRDA:100,19,0,0
BRDA:100,19,1,0
BRDA:104,20,0,0
BRDA:104,20,1,0
BRF:42
BRH:0
end_of_record
TN:
SF:C:\Users\Emmanuel\Desktop\hackerbay\Round one\docs\script\search_index.js
FNF:0
FNH:0
DA:1,0
LF:1
LH:0
BRF:0
BRH:0
end_of_record
TN:
SF:C:\Users\Emmanuel\Desktop\hackerbay\Round one\docs\script\test-summary.js
FN:1,(anonymous_0)
FN:2,toggle
FNF:2
FNH:0
FNDA:0,(anonymous_0)
FNDA:0,toggle
DA:1,0
DA:3,0
DA:4,0
DA:5,0
DA:6,0
DA:7,0
DA:10,0
DA:13,0
DA:14,0
DA:15,0
DA:16,0
DA:18,0
DA:19,0
DA:20,0
DA:23,0
DA:24,0
DA:25,0
DA:26,0
DA:27,0
DA:28,0
DA:29,0
DA:30,0
DA:31,0
DA:32,0
DA:33,0
DA:34,0
DA:35,0
DA:39,0
DA:41,0
DA:45,0
DA:46,0
DA:47,0
DA:50,0
DA:51,0
DA:52,0
LF:35
LH:0
BRDA:6,0,0,0
BRDA:6,0,1,0
BRDA:6,1,0,0
BRDA:6,1,1,0
BRDA:10,2,0,0
BRDA:10,2,1,0
BRDA:13,3,0,0
BRDA:13,3,1,0
BRDA:27,4,0,0
BRDA:27,4,1,0
BRDA:28,5,0,0
BRDA:28,5,1,0
BRDA:29,6,0,0
BRDA:29,6,1,0
BRDA:30,7,0,0
BRDA:30,7,1,0
BRDA:33,8,0,0
BRDA:33,8,1,0
BRDA:33,9,0,0
BRDA:33,9,1,0
BRF:20
BRH:0
end_of_record
TN:
SF:C:\Users\Emmanuel\Desktop\hackerbay\Round one\docs\script\prettify\prettify.js
FN:1,(anonymous_0)
FN:18,(anonymous_1)
FN:18,T
FN:18,d
FN:18,f
FN:18,b
FN:19,(anonymous_6)
FN:20,v
FN:21,(anonymous_8)
FN:22,U
FN:22,f
FN:23,J
FN:23,V
FN:23,G
FN:23,f
FN:25,(anonymous_15)
FN:25,y
FN:29,L
FN:29,b
FN:30,v
FN:30,b
FN:31,t
FN:31,K
FN:32,M
FN:42,(anonymous_24)
FN:43,(anonymous_25)
FN:43,f
FN:43,(anonymous_27)
FN:45,(anonymous_28)
FN:46,(anonymous_29)
FNF:30
FNH:0
FNDA:0,(anonymous_0)
FNDA:0,(anonymous_1)
FNDA:0,T
FNDA:0,d
FNDA:0,f
FNDA:0,b
FNDA:0,(anonymous_6)
FNDA:0,v
FNDA:0,(anonymous_8)
FNDA:0,U
FNDA:0,f
FNDA:0,J
FNDA:0,V
FNDA:0,G
FNDA:0,f
FNDA:0,(anonymous_15)
FNDA:0,y
FNDA:0,L
FNDA:0,b
FNDA:0,v
FNDA:0,b
FNDA:0,t
FNDA:0,K
FNDA:0,M
FNDA:0,(anonymous_24)
FNDA:0,(anonymous_25)
FNDA:0,f
FNDA:0,(anonymous_27)
FNDA:0,(anonymous_28)
FNDA:0,(anonymous_29)
DA:1,0
DA:17,0
DA:18,0
DA:19,0
DA:20,0
DA:21,0
DA:22,0
DA:23,0
DA:24,0
DA:25,0
DA:26,0
DA:27,0
DA:28,0
DA:29,0
DA:30,0
DA:31,0
DA:32,0
DA:33,0
DA:34,0
DA:35,0
DA:36,0
DA:37,0
DA:38,0
DA:39,0
DA:40,0
DA:41,0
DA:42,0
DA:43,0
DA:44,0
DA:45,0
DA:46,0
LF:31
LH:0
BRDA:18,0,0,0
BRDA:18,0,1,0
BRDA:18,1,0,0
BRDA:18,1,1,0
BRDA:18,2,0,0
BRDA:18,2,1,0
BRDA:18,3,0,0
BRDA:18,3,1,0
BRDA:18,4,0,0
BRDA:18,4,1,0
BRDA:18,5,0,0
BRDA:18,5,1,0
BRDA:18,6,0,0
BRDA:18,6,1,0
BRDA:18,7,0,0
BRDA:18,7,1,0
BRDA:18,8,0,0
BRDA:18,8,1,0
BRDA:18,9,0,0
BRDA:18,9,1,0
BRDA:18,9,2,0
BRDA:18,9,3,0
BRDA:19,10,0,0
BRDA:19,10,1,0
BRDA:19,11,0,0
BRDA:19,11,1,0
BRDA:19,12,0,0
BRDA:19,12,1,0
BRDA:19,13,0,0
BRDA:19,13,1,0
BRDA:19,14,0,0
BRDA:19,14,1,0
BRDA:19,15,0,0
BRDA:19,15,1,0
BRDA:19,15,2,0
BRDA:19,16,0,0
BRDA:19,16,1,0
BRDA:19,16,2,0
BRDA:19,17,0,0
BRDA:19,17,1,0
BRDA:19,17,2,0
BRDA:19,18,0,0
BRDA:19,18,1,0
BRDA:19,19,0,0
BRDA:19,19,1,0
BRDA:20,20,0,0
BRDA:20,20,1,0
BRDA:20,21,0,0
BRDA:20,21,1,0
BRDA:20,22,0,0
BRDA:20,22,1,0
BRDA:20,23,0,0
BRDA:20,23,1,0
BRDA:20,23,2,0
BRDA:20,24,0,0
BRDA:20,24,1,0
BRDA:20,25,0,0
BRDA:20,25,1,0
BRDA:20,26,0,0
BRDA:20,26,1,0
BRDA:20,27,0,0
BRDA:20,27,1,0
BRDA:20,28,0,0
BRDA:20,28,1,0
BRDA:20,28,2,0
BRDA:20,28,3,0
BRDA:21,29,0,0
BRDA:21,29,1,0
BRDA:21,29,2,0
BRDA:21,30,0,0
BRDA:21,30,1,0
BRDA:21,31,0,0
BRDA:21,31,1,0
BRDA:21,32,0,0
BRDA:21,32,1,0
BRDA:21,33,0,0
BRDA:21,33,1,0
BRDA:21,34,0,0
BRDA:21,34,1,0
BRDA:21,35,0,0
BRDA:21,35,1,0
BRDA:21,36,0,0
BRDA:21,36,1,0
BRDA:22,37,0,0
BRDA:22,37,1,0
BRDA:22,38,0,0
BRDA:22,38,1,0
BRDA:22,39,0,0
BRDA:22,39,1,0
BRDA:22,40,0,0
BRDA:22,40,1,0
BRDA:22,41,0,0
BRDA:22,41,1,0
BRDA:22,42,0,0
BRDA:22,42,1,0
BRDA:22,43,0,0
BRDA:22,43,1,0
BRDA:22,44,0,0
BRDA:22,44,1,0
BRDA:22,45,0,0
BRDA:22,45,1,0
BRDA:22,46,0,0
BRDA:22,46,1,0
BRDA:22,47,0,0
BRDA:22,47,1,0
BRDA:23,48,0,0
BRDA:23,48,1,0
BRDA:23,49,0,0
BRDA:23,49,1,0
BRDA:23,50,0,0
BRDA:23,50,1,0
BRDA:23,51,0,0
BRDA:23,51,1,0
BRDA:23,52,0,0
BRDA:23,52,1,0
BRDA:23,53,0,0
BRDA:23,53,1,0
BRDA:23,54,0,0
BRDA:23,54,1,0
BRDA:24,55,0,0
BRDA:24,55,1,0
BRDA:24,56,0,0
BRDA:24,56,1,0
BRDA:24,57,0,0
BRDA:24,57,1,0
BRDA:24,58,0,0
BRDA:24,58,1,0
BRDA:24,59,0,0
BRDA:24,59,1,0
BRDA:24,59,2,0
BRDA:24,59,3,0
BRDA:24,60,0,0
BRDA:24,60,1,0
BRDA:24,61,0,0
BRDA:24,61,1,0
BRDA:24,62,0,0
BRDA:24,62,1,0
BRDA:24,63,0,0
BRDA:24,63,1,0
BRDA:25,64,0,0
BRDA:25,64,1,0
BRDA:25,65,0,0
BRDA:25,65,1,0
BRDA:25,66,0,0
BRDA:25,66,1,0
BRDA:26,67,0,0
BRDA:26,67,1,0
BRDA:26,68,0,0
BRDA:26,68,1,0
BRDA:26,69,0,0
BRDA:26,69,1,0
BRDA:26,70,0,0
BRDA:26,70,1,0
BRDA:26,71,0,0
BRDA:26,71,1,0
BRDA:27,72,0,0
BRDA:27,72,1,0
BRDA:27,73,0,0
BRDA:27,73,1,0
BRDA:27,74,0,0
BRDA:27,74,1,0
BRDA:27,75,0,0
BRDA:27,75,1,0
BRDA:28,76,0,0
BRDA:28,76,1,0
BRDA:28,77,0,0
BRDA:28,77,1,0
BRDA:28,78,0,0
BRDA:28,78,1,0
BRDA:29,79,0,0
BRDA:29,79,1,0
BRDA:29,80,0,0
BRDA:29,80,1,0
BRDA:29,81,0,0
BRDA:29,81,1,0
BRDA:29,82,0,0
BRDA:29,82,1,0
BRDA:29,83,0,0
BRDA:29,83,1,0
BRDA:29,84,0,0
BRDA:29,84,1,0
BRDA:29,84,2,0
BRDA:29,85,0,0
BRDA:29,85,1,0
BRDA:29,86,0,0
BRDA:29,86,1,0
BRDA:30,87,0,0
BRDA:30,87,1,0
BRDA:30,88,0,0
BRDA:30,88,1,0
BRDA:30,89,0,0
BRDA:30,89,1,0
BRDA:30,90,0,0
BRDA:30,90,1,0
BRDA:30,91,0,0
BRDA:30,91,1,0
BRDA:31,92,0,0
BRDA:31,92,1,0
BRDA:31,93,0,0
BRDA:31,93,1,0
BRDA:31,94,0,0
BRDA:31,94,1,0
BRDA:31,95,0,0
BRDA:31,95,1,0
BRDA:31,96,0,0
BRDA:31,96,1,0
BRDA:31,97,0,0
BRDA:31,97,1,0
BRDA:31,97,2,0
BRDA:31,98,0,0
BRDA:31,98,1,0
BRDA:32,99,0,0
BRDA:32,99,1,0
BRDA:32,100,0,0
BRDA:32,100,1,0
BRDA:32,101,0,0
BRDA:32,101,1,0
BRDA:32,102,0,0
BRDA:32,102,1,0
BRDA:33,103,0,0
BRDA:33,103,1,0
BRDA:33,104,0,0
BRDA:33,104,1,0
BRDA:33,105,0,0
BRDA:33,105,1,0
BRDA:33,106,0,0
BRDA:33,106,1,0
BRDA:33,107,0,0
BRDA:33,107,1,0
BRDA:33,108,0,0
BRDA:33,108,1,0
BRDA:33,109,0,0
BRDA:33,109,1,0
BRDA:33,110,0,0
BRDA:33,110,1,0
BRDA:33,111,0,0
BRDA:33,111,1,0
BRDA:33,112,0,0
BRDA:33,112,1,0
BRDA:33,113,0,0
BRDA:33,113,1,0
BRDA:33,113,2,0
BRDA:42,114,0,0
BRDA:42,114,1,0
BRDA:42,115,0,0
BRDA:42,115,1,0
BRDA:43,116,0,0
BRDA:43,116,1,0
BRDA:43,117,0,0
BRDA:43,117,1,0
BRDA:43,118,0,0
BRDA:43,118,1,0
BRDA:43,119,0,0
BRDA:43,119,1,0
BRDA:43,119,2,0
BRDA:43,120,0,0
BRDA:43,120,1,0
BRDA:43,121,0,0
BRDA:43,121,1,0
BRDA:43,122,0,0
BRDA:43,122,1,0
BRDA:43,123,0,0
BRDA:43,123,1,0
BRDA:43,124,0,0
BRDA:43,124,1,0
BRDA:43,125,0,0
BRDA:43,125,1,0
BRDA:43,125,2,0
BRDA:44,126,0,0
BRDA:44,126,1,0
BRDA:44,127,0,0
BRDA:44,127,1,0
BRDA:44,127,2,0
BRDA:44,128,0,0
BRDA:44,128,1,0
BRDA:44,129,0,0
BRDA:44,129,1,0
BRDA:44,130,0,0
BRDA:44,130,1,0
BRDA:44,130,2,0
BRDA:44,130,3,0
BRDA:44,131,0,0
BRDA:44,131,1,0
BRDA:44,132,0,0
BRDA:44,132,1,0
BRDA:44,133,0,0
BRDA:44,133,1,0
BRDA:44,134,0,0
BRDA:44,134,1,0
BRDA:44,135,0,0
BRDA:44,135,1,0
BRDA:44,136,0,0
BRDA:44,136,1,0
BRDA:44,137,0,0
BRDA:44,137,1,0
BRDA:44,138,0,0
BRDA:44,138,1,0
BRDA:44,139,0,0
BRDA:44,139,1,0
BRDA:45,140,0,0
BRDA:45,140,1,0
BRDA:45,141,0,0
BRDA:45,141,1,0
BRDA:45,142,0,0
BRDA:45,142,1,0
BRDA:45,143,0,0
BRDA:45,143,1,0
BRDA:45,144,0,0
BRDA:45,144,1,0
BRDA:45,145,0,0
BRDA:45,145,1,0
BRDA:45,146,0,0
BRDA:45,146,1,0
BRDA:45,147,0,0
BRDA:45,147,1,0
BRDA:46,148,0,0
BRDA:46,148,1,0
BRDA:46,148,2,0
BRF:318
BRH:0
end_of_record
